TimeQuest Timing Analyzer report for somador_4bits
Thu May 09 15:45:56 2019
Quartus II 64-Bit Version 13.0.1 Build 232 06/12/2013 Service Pack 1 SJ Web Edition


---------------------
; Table of Contents ;
---------------------
  1. Legal Notice
  2. TimeQuest Timing Analyzer Summary
  3. Parallel Compilation
  4. Clocks
  5. Slow Model Fmax Summary
  6. Slow Model Setup Summary
  7. Slow Model Hold Summary
  8. Slow Model Recovery Summary
  9. Slow Model Removal Summary
 10. Slow Model Minimum Pulse Width Summary
 11. Propagation Delay
 12. Minimum Propagation Delay
 13. Fast Model Setup Summary
 14. Fast Model Hold Summary
 15. Fast Model Recovery Summary
 16. Fast Model Removal Summary
 17. Fast Model Minimum Pulse Width Summary
 18. Propagation Delay
 19. Minimum Propagation Delay
 20. Multicorner Timing Analysis Summary
 21. Progagation Delay
 22. Minimum Progagation Delay
 23. Clock Transfers
 24. Report TCCS
 25. Report RSKM
 26. Unconstrained Paths
 27. TimeQuest Timing Analyzer Messages



----------------
; Legal Notice ;
----------------
Copyright (C) 1991-2013 Altera Corporation
Your use of Altera Corporation's design tools, logic functions 
and other software and tools, and its AMPP partner logic 
functions, and any output files from any of the foregoing 
(including device programming or simulation files), and any 
associated documentation or information are expressly subject 
to the terms and conditions of the Altera Program License 
Subscription Agreement, Altera MegaCore Function License 
Agreement, or other applicable license agreement, including, 
without limitation, that your use is for the sole purpose of 
programming logic devices manufactured by Altera and sold by 
Altera or its authorized distributors.  Please refer to the 
applicable agreement for further details.



+----------------------------------------------------------------------------------------+
; TimeQuest Timing Analyzer Summary                                                      ;
+--------------------+-------------------------------------------------------------------+
; Quartus II Version ; Version 13.0.1 Build 232 06/12/2013 Service Pack 1 SJ Web Edition ;
; Revision Name      ; somador_4bits                                                     ;
; Device Family      ; Cyclone II                                                        ;
; Device Name        ; EP2C35F672C6                                                      ;
; Timing Models      ; Final                                                             ;
; Delay Model        ; Combined                                                          ;
; Rise/Fall Delays   ; Unavailable                                                       ;
+--------------------+-------------------------------------------------------------------+


Parallel compilation was disabled, but you have multiple processors available. Enable parallel compilation to reduce compilation time.
+-------------------------------------+
; Parallel Compilation                ;
+----------------------------+--------+
; Processors                 ; Number ;
+----------------------------+--------+
; Number detected on machine ; 4      ;
; Maximum allowed            ; 1      ;
+----------------------------+--------+


----------
; Clocks ;
----------
No clocks to report.


---------------------------
; Slow Model Fmax Summary ;
---------------------------
No paths to report.


----------------------------
; Slow Model Setup Summary ;
----------------------------
No paths to report.


---------------------------
; Slow Model Hold Summary ;
---------------------------
No paths to report.


-------------------------------
; Slow Model Recovery Summary ;
-------------------------------
No paths to report.


------------------------------
; Slow Model Removal Summary ;
------------------------------
No paths to report.


------------------------------------------
; Slow Model Minimum Pulse Width Summary ;
------------------------------------------
No paths to report.


+--------------------------------------------------------------+
; Propagation Delay                                            ;
+------------+-------------+--------+--------+--------+--------+
; Input Port ; Output Port ; RR     ; RF     ; FR     ; FF     ;
+------------+-------------+--------+--------+--------+--------+
; A[0]       ; HEX0[0]     ; 15.506 ; 15.506 ; 15.506 ; 15.506 ;
; A[0]       ; HEX0[1]     ; 15.479 ; 15.479 ; 15.479 ; 15.479 ;
; A[0]       ; HEX0[2]     ; 15.462 ; 15.462 ; 15.462 ; 15.462 ;
; A[0]       ; HEX0[3]     ; 15.497 ; 15.497 ; 15.497 ; 15.497 ;
; A[0]       ; HEX0[4]     ; 14.964 ; 14.964 ; 14.964 ; 14.964 ;
; A[0]       ; HEX0[5]     ; 15.252 ; 15.252 ; 15.252 ; 15.252 ;
; A[0]       ; HEX0[6]     ; 15.245 ; 15.245 ; 15.245 ; 15.245 ;
; A[0]       ; HEX1[0]     ; 13.916 ; 13.916 ; 13.916 ; 13.916 ;
; A[0]       ; HEX1[2]     ; 15.195 ; 15.195 ; 15.195 ; 15.195 ;
; A[0]       ; HEX1[3]     ; 13.991 ; 13.991 ; 13.991 ; 13.991 ;
; A[0]       ; HEX1[4]     ; 14.012 ; 14.012 ; 14.012 ; 14.012 ;
; A[0]       ; HEX1[5]     ; 13.468 ; 13.468 ; 13.468 ; 13.468 ;
; A[0]       ; HEX1[6]     ; 11.587 ; 11.587 ; 11.587 ; 11.587 ;
; A[1]       ; HEX0[0]     ; 14.374 ; 14.374 ; 14.374 ; 14.374 ;
; A[1]       ; HEX0[1]     ; 14.347 ; 14.347 ; 14.347 ; 14.347 ;
; A[1]       ; HEX0[2]     ; 14.330 ; 14.330 ; 14.330 ; 14.330 ;
; A[1]       ; HEX0[3]     ; 14.365 ; 14.365 ; 14.365 ; 14.365 ;
; A[1]       ; HEX0[4]     ; 13.832 ; 13.832 ; 13.832 ; 13.832 ;
; A[1]       ; HEX0[5]     ; 14.120 ; 14.120 ; 14.120 ; 14.120 ;
; A[1]       ; HEX0[6]     ; 14.113 ; 14.113 ; 14.113 ; 14.113 ;
; A[1]       ; HEX1[0]     ; 12.784 ; 12.784 ; 12.784 ; 12.784 ;
; A[1]       ; HEX1[2]     ; 14.063 ; 14.063 ; 14.063 ; 14.063 ;
; A[1]       ; HEX1[3]     ; 12.859 ; 12.859 ; 12.859 ; 12.859 ;
; A[1]       ; HEX1[4]     ; 12.880 ; 12.880 ; 12.880 ; 12.880 ;
; A[1]       ; HEX1[5]     ; 12.336 ; 12.336 ; 12.336 ; 12.336 ;
; A[1]       ; HEX1[6]     ; 10.455 ; 10.455 ; 10.455 ; 10.455 ;
; A[2]       ; HEX0[0]     ; 14.976 ; 14.976 ; 14.976 ; 14.976 ;
; A[2]       ; HEX0[1]     ; 14.949 ; 14.949 ; 14.949 ; 14.949 ;
; A[2]       ; HEX0[2]     ; 14.932 ; 14.932 ; 14.932 ; 14.932 ;
; A[2]       ; HEX0[3]     ; 14.967 ; 14.967 ; 14.967 ; 14.967 ;
; A[2]       ; HEX0[4]     ; 14.434 ; 14.434 ; 14.434 ; 14.434 ;
; A[2]       ; HEX0[5]     ; 14.722 ; 14.722 ; 14.722 ; 14.722 ;
; A[2]       ; HEX0[6]     ; 14.715 ; 14.715 ; 14.715 ; 14.715 ;
; A[2]       ; HEX1[0]     ; 13.386 ; 13.386 ; 13.386 ; 13.386 ;
; A[2]       ; HEX1[2]     ; 14.665 ; 14.665 ; 14.665 ; 14.665 ;
; A[2]       ; HEX1[3]     ; 13.461 ; 13.461 ; 13.461 ; 13.461 ;
; A[2]       ; HEX1[4]     ; 13.482 ; 13.482 ; 13.482 ; 13.482 ;
; A[2]       ; HEX1[5]     ; 12.938 ; 12.938 ; 12.938 ; 12.938 ;
; A[2]       ; HEX1[6]     ; 11.057 ; 11.057 ; 11.057 ; 11.057 ;
; A[3]       ; HEX0[0]     ; 12.868 ; 12.868 ; 12.868 ; 12.868 ;
; A[3]       ; HEX0[1]     ; 12.841 ; 12.841 ; 12.841 ; 12.841 ;
; A[3]       ; HEX0[2]     ; 12.824 ; 12.824 ; 12.824 ; 12.824 ;
; A[3]       ; HEX0[3]     ; 12.859 ; 12.859 ; 12.859 ; 12.859 ;
; A[3]       ; HEX0[4]     ; 12.326 ; 12.326 ; 12.326 ; 12.326 ;
; A[3]       ; HEX0[5]     ; 12.614 ; 12.614 ; 12.614 ; 12.614 ;
; A[3]       ; HEX0[6]     ; 12.607 ; 12.607 ; 12.607 ; 12.607 ;
; A[3]       ; HEX1[0]     ; 11.278 ; 11.278 ; 11.278 ; 11.278 ;
; A[3]       ; HEX1[2]     ; 12.557 ; 12.557 ; 12.557 ; 12.557 ;
; A[3]       ; HEX1[3]     ; 11.353 ; 11.353 ; 11.353 ; 11.353 ;
; A[3]       ; HEX1[4]     ; 11.374 ; 11.374 ; 11.374 ; 11.374 ;
; A[3]       ; HEX1[5]     ; 10.830 ; 10.830 ; 10.830 ; 10.830 ;
; A[3]       ; HEX1[6]     ; 8.949  ; 8.949  ; 8.949  ; 8.949  ;
; B[0]       ; HEX0[0]     ; 14.544 ; 14.544 ; 14.544 ; 14.544 ;
; B[0]       ; HEX0[1]     ; 14.517 ; 14.517 ; 14.517 ; 14.517 ;
; B[0]       ; HEX0[2]     ; 14.500 ; 14.500 ; 14.500 ; 14.500 ;
; B[0]       ; HEX0[3]     ; 14.535 ; 14.535 ; 14.535 ; 14.535 ;
; B[0]       ; HEX0[4]     ; 14.002 ; 14.002 ; 14.002 ; 14.002 ;
; B[0]       ; HEX0[5]     ; 14.290 ; 14.290 ; 14.290 ; 14.290 ;
; B[0]       ; HEX0[6]     ; 14.283 ; 14.283 ; 14.283 ; 14.283 ;
; B[0]       ; HEX1[0]     ; 12.954 ; 12.954 ; 12.954 ; 12.954 ;
; B[0]       ; HEX1[2]     ; 14.233 ; 14.233 ; 14.233 ; 14.233 ;
; B[0]       ; HEX1[3]     ; 13.029 ; 13.029 ; 13.029 ; 13.029 ;
; B[0]       ; HEX1[4]     ; 13.050 ; 13.050 ; 13.050 ; 13.050 ;
; B[0]       ; HEX1[5]     ; 12.506 ; 12.506 ; 12.506 ; 12.506 ;
; B[0]       ; HEX1[6]     ; 10.625 ; 10.625 ; 10.625 ; 10.625 ;
; B[1]       ; HEX0[0]     ; 13.459 ; 13.459 ; 13.459 ; 13.459 ;
; B[1]       ; HEX0[1]     ; 13.432 ; 13.432 ; 13.432 ; 13.432 ;
; B[1]       ; HEX0[2]     ; 13.415 ; 13.415 ; 13.415 ; 13.415 ;
; B[1]       ; HEX0[3]     ; 13.450 ; 13.450 ; 13.450 ; 13.450 ;
; B[1]       ; HEX0[4]     ; 12.917 ; 12.917 ; 12.917 ; 12.917 ;
; B[1]       ; HEX0[5]     ; 13.205 ; 13.205 ; 13.205 ; 13.205 ;
; B[1]       ; HEX0[6]     ; 13.198 ; 13.198 ; 13.198 ; 13.198 ;
; B[1]       ; HEX1[0]     ; 11.869 ; 11.869 ; 11.869 ; 11.869 ;
; B[1]       ; HEX1[2]     ; 13.148 ; 13.148 ; 13.148 ; 13.148 ;
; B[1]       ; HEX1[3]     ; 11.944 ; 11.944 ; 11.944 ; 11.944 ;
; B[1]       ; HEX1[4]     ; 11.965 ; 11.965 ; 11.965 ; 11.965 ;
; B[1]       ; HEX1[5]     ; 11.421 ; 11.421 ; 11.421 ; 11.421 ;
; B[1]       ; HEX1[6]     ; 9.540  ; 9.540  ; 9.540  ; 9.540  ;
; B[2]       ; HEX0[0]     ; 15.178 ; 15.178 ; 15.178 ; 15.178 ;
; B[2]       ; HEX0[1]     ; 15.151 ; 15.151 ; 15.151 ; 15.151 ;
; B[2]       ; HEX0[2]     ; 15.134 ; 15.134 ; 15.134 ; 15.134 ;
; B[2]       ; HEX0[3]     ; 15.169 ; 15.169 ; 15.169 ; 15.169 ;
; B[2]       ; HEX0[4]     ; 14.636 ; 14.636 ; 14.636 ; 14.636 ;
; B[2]       ; HEX0[5]     ; 14.924 ; 14.924 ; 14.924 ; 14.924 ;
; B[2]       ; HEX0[6]     ; 14.917 ; 14.917 ; 14.917 ; 14.917 ;
; B[2]       ; HEX1[0]     ; 13.588 ; 13.588 ; 13.588 ; 13.588 ;
; B[2]       ; HEX1[2]     ; 14.867 ; 14.867 ; 14.867 ; 14.867 ;
; B[2]       ; HEX1[3]     ; 13.663 ; 13.663 ; 13.663 ; 13.663 ;
; B[2]       ; HEX1[4]     ; 13.684 ; 13.684 ; 13.684 ; 13.684 ;
; B[2]       ; HEX1[5]     ; 13.140 ; 13.140 ; 13.140 ; 13.140 ;
; B[2]       ; HEX1[6]     ; 11.259 ; 11.259 ; 11.259 ; 11.259 ;
; B[3]       ; HEX0[0]     ; 14.146 ; 14.146 ; 14.146 ; 14.146 ;
; B[3]       ; HEX0[1]     ; 14.119 ; 14.119 ; 14.119 ; 14.119 ;
; B[3]       ; HEX0[2]     ; 14.102 ; 14.102 ; 14.102 ; 14.102 ;
; B[3]       ; HEX0[3]     ; 14.137 ; 14.137 ; 14.137 ; 14.137 ;
; B[3]       ; HEX0[4]     ; 13.604 ; 13.604 ; 13.604 ; 13.604 ;
; B[3]       ; HEX0[5]     ; 13.892 ; 13.892 ; 13.892 ; 13.892 ;
; B[3]       ; HEX0[6]     ; 13.885 ; 13.885 ; 13.885 ; 13.885 ;
; B[3]       ; HEX1[0]     ; 12.556 ; 12.556 ; 12.556 ; 12.556 ;
; B[3]       ; HEX1[2]     ; 13.835 ; 13.835 ; 13.835 ; 13.835 ;
; B[3]       ; HEX1[3]     ; 12.631 ; 12.631 ; 12.631 ; 12.631 ;
; B[3]       ; HEX1[4]     ; 12.652 ; 12.652 ; 12.652 ; 12.652 ;
; B[3]       ; HEX1[5]     ; 12.108 ; 12.108 ; 12.108 ; 12.108 ;
; B[3]       ; HEX1[6]     ; 10.227 ; 10.227 ; 10.227 ; 10.227 ;
; TE         ; HEX0[0]     ; 19.473 ; 19.473 ; 19.473 ; 19.473 ;
; TE         ; HEX0[1]     ; 19.446 ; 19.446 ; 19.446 ; 19.446 ;
; TE         ; HEX0[2]     ; 19.429 ; 19.429 ; 19.429 ; 19.429 ;
; TE         ; HEX0[3]     ; 19.464 ; 19.464 ; 19.464 ; 19.464 ;
; TE         ; HEX0[4]     ; 18.931 ; 18.931 ; 18.931 ; 18.931 ;
; TE         ; HEX0[5]     ; 19.219 ; 19.219 ; 19.219 ; 19.219 ;
; TE         ; HEX0[6]     ; 19.212 ; 19.212 ; 19.212 ; 19.212 ;
; TE         ; HEX1[0]     ; 17.883 ; 17.883 ; 17.883 ; 17.883 ;
; TE         ; HEX1[2]     ; 19.162 ; 19.162 ; 19.162 ; 19.162 ;
; TE         ; HEX1[3]     ; 17.958 ; 17.958 ; 17.958 ; 17.958 ;
; TE         ; HEX1[4]     ; 17.979 ; 17.979 ; 17.979 ; 17.979 ;
; TE         ; HEX1[5]     ; 17.435 ; 17.435 ; 17.435 ; 17.435 ;
; TE         ; HEX1[6]     ; 15.554 ; 15.554 ; 15.554 ; 15.554 ;
+------------+-------------+--------+--------+--------+--------+


+--------------------------------------------------------------+
; Minimum Propagation Delay                                    ;
+------------+-------------+--------+--------+--------+--------+
; Input Port ; Output Port ; RR     ; RF     ; FR     ; FF     ;
+------------+-------------+--------+--------+--------+--------+
; A[0]       ; HEX0[0]     ; 8.286  ; 8.286  ; 8.286  ; 8.286  ;
; A[0]       ; HEX0[1]     ; 8.255  ; 8.255  ; 8.255  ; 8.255  ;
; A[0]       ; HEX0[2]     ; 8.265  ; 8.265  ; 8.265  ; 8.265  ;
; A[0]       ; HEX0[3]     ; 8.274  ; 8.274  ; 8.274  ; 8.274  ;
; A[0]       ; HEX0[4]     ; 7.906  ; 7.906  ; 7.906  ; 7.906  ;
; A[0]       ; HEX0[5]     ; 8.026  ; 8.026  ; 8.026  ; 8.026  ;
; A[0]       ; HEX0[6]     ; 8.024  ; 8.024  ; 8.024  ; 8.024  ;
; A[0]       ; HEX1[0]     ; 10.829 ; 10.829 ; 10.829 ; 10.829 ;
; A[0]       ; HEX1[2]     ; 11.793 ; 11.793 ; 11.793 ; 11.793 ;
; A[0]       ; HEX1[3]     ; 10.904 ; 10.904 ; 10.904 ; 10.904 ;
; A[0]       ; HEX1[4]     ; 10.925 ; 10.925 ; 10.925 ; 10.925 ;
; A[0]       ; HEX1[5]     ; 10.381 ; 10.381 ; 10.381 ; 10.381 ;
; A[0]       ; HEX1[6]     ; 10.878 ; 10.878 ; 10.878 ; 10.878 ;
; A[1]       ; HEX0[0]     ; 8.693  ; 8.693  ; 8.693  ; 8.693  ;
; A[1]       ; HEX0[1]     ; 8.674  ; 8.674  ; 8.674  ; 8.674  ;
; A[1]       ; HEX0[2]     ; 8.688  ; 8.688  ; 8.688  ; 8.688  ;
; A[1]       ; HEX0[3]     ; 8.705  ; 8.705  ; 8.705  ; 8.705  ;
; A[1]       ; HEX0[4]     ; 8.909  ; 8.909  ; 8.909  ; 8.909  ;
; A[1]       ; HEX0[5]     ; 8.453  ; 8.453  ; 8.453  ; 8.453  ;
; A[1]       ; HEX0[6]     ; 8.457  ; 8.457  ; 8.457  ; 8.457  ;
; A[1]       ; HEX1[0]     ; 9.669  ; 9.669  ; 9.669  ; 9.669  ;
; A[1]       ; HEX1[2]     ; 10.905 ; 10.905 ; 10.905 ; 10.905 ;
; A[1]       ; HEX1[3]     ; 9.744  ; 9.744  ; 9.744  ; 9.744  ;
; A[1]       ; HEX1[4]     ; 9.765  ; 9.765  ; 9.765  ; 9.765  ;
; A[1]       ; HEX1[5]     ; 9.221  ; 9.221  ; 9.221  ; 9.221  ;
; A[1]       ; HEX1[6]     ; 9.990  ; 9.990  ; 9.990  ; 9.990  ;
; A[2]       ; HEX0[0]     ; 10.636 ; 10.636 ; 10.636 ; 10.636 ;
; A[2]       ; HEX0[1]     ; 10.605 ; 10.605 ; 10.605 ; 10.605 ;
; A[2]       ; HEX0[2]     ; 10.616 ; 10.616 ; 10.616 ; 10.616 ;
; A[2]       ; HEX0[3]     ; 10.625 ; 10.625 ; 10.625 ; 10.625 ;
; A[2]       ; HEX0[4]     ; 10.098 ; 10.098 ; 10.098 ; 10.098 ;
; A[2]       ; HEX0[5]     ; 10.379 ; 10.379 ; 10.379 ; 10.379 ;
; A[2]       ; HEX0[6]     ; 10.371 ; 10.371 ; 10.371 ; 10.371 ;
; A[2]       ; HEX1[0]     ; 10.718 ; 10.518 ; 10.518 ; 10.718 ;
; A[2]       ; HEX1[2]     ; 10.792 ; 11.504 ; 11.504 ; 10.792 ;
; A[2]       ; HEX1[3]     ; 10.793 ; 10.593 ; 10.593 ; 10.793 ;
; A[2]       ; HEX1[4]     ; 10.814 ; 10.982 ; 10.982 ; 10.814 ;
; A[2]       ; HEX1[5]     ; 10.071 ; 10.438 ; 10.438 ; 10.071 ;
; A[2]       ; HEX1[6]     ; 10.589 ; 9.877  ; 9.877  ; 10.589 ;
; A[3]       ; HEX0[0]     ; 8.996  ; 8.996  ; 8.996  ; 8.996  ;
; A[3]       ; HEX0[1]     ; 8.965  ; 8.965  ; 8.965  ; 8.965  ;
; A[3]       ; HEX0[2]     ; 8.976  ; 8.976  ; 8.976  ; 8.976  ;
; A[3]       ; HEX0[3]     ; 8.985  ; 8.985  ; 8.985  ; 8.985  ;
; A[3]       ; HEX0[4]     ; 9.348  ; 9.348  ; 9.348  ; 9.348  ;
; A[3]       ; HEX0[5]     ; 8.739  ; 8.739  ; 8.739  ; 8.739  ;
; A[3]       ; HEX0[6]     ; 8.731  ; 8.731  ; 8.731  ; 8.731  ;
; A[3]       ; HEX1[0]     ; 9.590  ; 9.533  ; 9.533  ; 9.590  ;
; A[3]       ; HEX1[2]     ; 9.807  ; 9.864  ; 9.864  ; 9.807  ;
; A[3]       ; HEX1[3]     ; 9.665  ; 9.608  ; 9.608  ; 9.665  ;
; A[3]       ; HEX1[4]     ; 9.704  ; 9.704  ; 9.704  ; 9.704  ;
; A[3]       ; HEX1[5]     ; 9.086  ; 9.143  ; 9.143  ; 9.086  ;
; A[3]       ; HEX1[6]     ; 8.949  ; 8.892  ; 8.892  ; 8.949  ;
; B[0]       ; HEX0[0]     ; 7.323  ; 7.323  ; 7.323  ; 7.323  ;
; B[0]       ; HEX0[1]     ; 7.292  ; 7.292  ; 7.292  ; 7.292  ;
; B[0]       ; HEX0[2]     ; 7.302  ; 7.302  ; 7.302  ; 7.302  ;
; B[0]       ; HEX0[3]     ; 7.311  ; 7.311  ; 7.311  ; 7.311  ;
; B[0]       ; HEX0[4]     ; 6.943  ; 6.943  ; 6.943  ; 6.943  ;
; B[0]       ; HEX0[5]     ; 7.063  ; 7.063  ; 7.063  ; 7.063  ;
; B[0]       ; HEX0[6]     ; 7.061  ; 7.061  ; 7.061  ; 7.061  ;
; B[0]       ; HEX1[0]     ; 9.867  ; 9.867  ; 9.867  ; 9.867  ;
; B[0]       ; HEX1[2]     ; 10.831 ; 10.831 ; 10.831 ; 10.831 ;
; B[0]       ; HEX1[3]     ; 9.942  ; 9.942  ; 9.942  ; 9.942  ;
; B[0]       ; HEX1[4]     ; 9.963  ; 9.963  ; 9.963  ; 9.963  ;
; B[0]       ; HEX1[5]     ; 9.419  ; 9.419  ; 9.419  ; 9.419  ;
; B[0]       ; HEX1[6]     ; 9.916  ; 9.916  ; 9.916  ; 9.916  ;
; B[1]       ; HEX0[0]     ; 8.002  ; 8.002  ; 8.002  ; 8.002  ;
; B[1]       ; HEX0[1]     ; 7.983  ; 7.983  ; 7.983  ; 7.983  ;
; B[1]       ; HEX0[2]     ; 7.997  ; 7.997  ; 7.997  ; 7.997  ;
; B[1]       ; HEX0[3]     ; 8.014  ; 8.014  ; 8.014  ; 8.014  ;
; B[1]       ; HEX0[4]     ; 8.218  ; 8.218  ; 8.218  ; 8.218  ;
; B[1]       ; HEX0[5]     ; 7.762  ; 7.762  ; 7.762  ; 7.762  ;
; B[1]       ; HEX0[6]     ; 7.766  ; 7.766  ; 7.766  ; 7.766  ;
; B[1]       ; HEX1[0]     ; 8.776  ; 8.776  ; 8.776  ; 8.776  ;
; B[1]       ; HEX1[2]     ; 10.016 ; 10.016 ; 10.016 ; 10.016 ;
; B[1]       ; HEX1[3]     ; 8.851  ; 8.851  ; 8.851  ; 8.851  ;
; B[1]       ; HEX1[4]     ; 8.872  ; 8.872  ; 8.872  ; 8.872  ;
; B[1]       ; HEX1[5]     ; 8.328  ; 8.328  ; 8.328  ; 8.328  ;
; B[1]       ; HEX1[6]     ; 9.101  ; 9.101  ; 9.101  ; 9.101  ;
; B[2]       ; HEX0[0]     ; 10.867 ; 10.867 ; 10.867 ; 10.867 ;
; B[2]       ; HEX0[1]     ; 10.836 ; 10.836 ; 10.836 ; 10.836 ;
; B[2]       ; HEX0[2]     ; 10.847 ; 10.847 ; 10.847 ; 10.847 ;
; B[2]       ; HEX0[3]     ; 10.856 ; 10.856 ; 10.856 ; 10.856 ;
; B[2]       ; HEX0[4]     ; 10.323 ; 10.323 ; 10.323 ; 10.323 ;
; B[2]       ; HEX0[5]     ; 10.610 ; 10.610 ; 10.610 ; 10.610 ;
; B[2]       ; HEX0[6]     ; 10.602 ; 10.602 ; 10.602 ; 10.602 ;
; B[2]       ; HEX1[0]     ; 10.949 ; 10.749 ; 10.749 ; 10.949 ;
; B[2]       ; HEX1[2]     ; 11.023 ; 11.735 ; 11.735 ; 11.023 ;
; B[2]       ; HEX1[3]     ; 11.024 ; 10.824 ; 10.824 ; 11.024 ;
; B[2]       ; HEX1[4]     ; 11.045 ; 11.207 ; 11.207 ; 11.045 ;
; B[2]       ; HEX1[5]     ; 10.302 ; 10.663 ; 10.663 ; 10.302 ;
; B[2]       ; HEX1[6]     ; 10.820 ; 10.108 ; 10.108 ; 10.820 ;
; B[3]       ; HEX0[0]     ; 10.274 ; 10.274 ; 10.274 ; 10.274 ;
; B[3]       ; HEX0[1]     ; 10.243 ; 10.243 ; 10.243 ; 10.243 ;
; B[3]       ; HEX0[2]     ; 10.254 ; 10.254 ; 10.254 ; 10.254 ;
; B[3]       ; HEX0[3]     ; 10.263 ; 10.263 ; 10.263 ; 10.263 ;
; B[3]       ; HEX0[4]     ; 10.626 ; 10.626 ; 10.626 ; 10.626 ;
; B[3]       ; HEX0[5]     ; 10.017 ; 10.017 ; 10.017 ; 10.017 ;
; B[3]       ; HEX0[6]     ; 10.009 ; 10.009 ; 10.009 ; 10.009 ;
; B[3]       ; HEX1[0]     ; 10.868 ; 10.815 ; 10.815 ; 10.868 ;
; B[3]       ; HEX1[2]     ; 11.089 ; 11.142 ; 11.142 ; 11.089 ;
; B[3]       ; HEX1[3]     ; 10.943 ; 10.890 ; 10.890 ; 10.943 ;
; B[3]       ; HEX1[4]     ; 10.982 ; 10.982 ; 10.982 ; 10.982 ;
; B[3]       ; HEX1[5]     ; 10.368 ; 10.421 ; 10.421 ; 10.368 ;
; B[3]       ; HEX1[6]     ; 10.227 ; 10.174 ; 10.174 ; 10.227 ;
; TE         ; HEX0[0]     ; 12.257 ; 12.257 ; 12.257 ; 12.257 ;
; TE         ; HEX0[1]     ; 12.226 ; 12.226 ; 12.226 ; 12.226 ;
; TE         ; HEX0[2]     ; 12.236 ; 12.236 ; 12.236 ; 12.236 ;
; TE         ; HEX0[3]     ; 12.245 ; 12.245 ; 12.245 ; 12.245 ;
; TE         ; HEX0[4]     ; 11.877 ; 11.877 ; 11.877 ; 11.877 ;
; TE         ; HEX0[5]     ; 11.997 ; 11.997 ; 11.997 ; 11.997 ;
; TE         ; HEX0[6]     ; 11.995 ; 11.995 ; 11.995 ; 11.995 ;
; TE         ; HEX1[0]     ; 14.796 ; 14.796 ; 14.796 ; 14.796 ;
; TE         ; HEX1[2]     ; 15.760 ; 15.760 ; 15.760 ; 15.760 ;
; TE         ; HEX1[3]     ; 14.871 ; 14.871 ; 14.871 ; 14.871 ;
; TE         ; HEX1[4]     ; 14.892 ; 14.892 ; 14.892 ; 14.892 ;
; TE         ; HEX1[5]     ; 14.348 ; 14.348 ; 14.348 ; 14.348 ;
; TE         ; HEX1[6]     ; 14.845 ; 14.845 ; 14.845 ; 14.845 ;
+------------+-------------+--------+--------+--------+--------+


----------------------------
; Fast Model Setup Summary ;
----------------------------
No paths to report.


---------------------------
; Fast Model Hold Summary ;
---------------------------
No paths to report.


-------------------------------
; Fast Model Recovery Summary ;
-------------------------------
No paths to report.


------------------------------
; Fast Model Removal Summary ;
------------------------------
No paths to report.


------------------------------------------
; Fast Model Minimum Pulse Width Summary ;
------------------------------------------
No paths to report.


+----------------------------------------------------------+
; Propagation Delay                                        ;
+------------+-------------+-------+-------+-------+-------+
; Input Port ; Output Port ; RR    ; RF    ; FR    ; FF    ;
+------------+-------------+-------+-------+-------+-------+
; A[0]       ; HEX0[0]     ; 7.415 ; 7.415 ; 7.415 ; 7.415 ;
; A[0]       ; HEX0[1]     ; 7.388 ; 7.388 ; 7.388 ; 7.388 ;
; A[0]       ; HEX0[2]     ; 7.398 ; 7.398 ; 7.398 ; 7.398 ;
; A[0]       ; HEX0[3]     ; 7.405 ; 7.405 ; 7.405 ; 7.405 ;
; A[0]       ; HEX0[4]     ; 7.151 ; 7.151 ; 7.151 ; 7.151 ;
; A[0]       ; HEX0[5]     ; 7.289 ; 7.289 ; 7.289 ; 7.289 ;
; A[0]       ; HEX0[6]     ; 7.278 ; 7.278 ; 7.278 ; 7.278 ;
; A[0]       ; HEX1[0]     ; 6.747 ; 6.747 ; 6.747 ; 6.747 ;
; A[0]       ; HEX1[2]     ; 7.229 ; 7.229 ; 7.229 ; 7.229 ;
; A[0]       ; HEX1[3]     ; 6.716 ; 6.716 ; 6.716 ; 6.716 ;
; A[0]       ; HEX1[4]     ; 6.709 ; 6.709 ; 6.709 ; 6.709 ;
; A[0]       ; HEX1[5]     ; 6.510 ; 6.510 ; 6.510 ; 6.510 ;
; A[0]       ; HEX1[6]     ; 5.681 ; 5.681 ; 5.681 ; 5.681 ;
; A[1]       ; HEX0[0]     ; 6.870 ; 6.870 ; 6.870 ; 6.870 ;
; A[1]       ; HEX0[1]     ; 6.843 ; 6.843 ; 6.843 ; 6.843 ;
; A[1]       ; HEX0[2]     ; 6.853 ; 6.853 ; 6.853 ; 6.853 ;
; A[1]       ; HEX0[3]     ; 6.860 ; 6.860 ; 6.860 ; 6.860 ;
; A[1]       ; HEX0[4]     ; 6.606 ; 6.606 ; 6.606 ; 6.606 ;
; A[1]       ; HEX0[5]     ; 6.744 ; 6.744 ; 6.744 ; 6.744 ;
; A[1]       ; HEX0[6]     ; 6.733 ; 6.733 ; 6.733 ; 6.733 ;
; A[1]       ; HEX1[0]     ; 6.202 ; 6.202 ; 6.202 ; 6.202 ;
; A[1]       ; HEX1[2]     ; 6.684 ; 6.684 ; 6.684 ; 6.684 ;
; A[1]       ; HEX1[3]     ; 6.171 ; 6.171 ; 6.171 ; 6.171 ;
; A[1]       ; HEX1[4]     ; 6.164 ; 6.164 ; 6.164 ; 6.164 ;
; A[1]       ; HEX1[5]     ; 5.965 ; 5.965 ; 5.965 ; 5.965 ;
; A[1]       ; HEX1[6]     ; 5.136 ; 5.136 ; 5.136 ; 5.136 ;
; A[2]       ; HEX0[0]     ; 7.090 ; 7.090 ; 7.090 ; 7.090 ;
; A[2]       ; HEX0[1]     ; 7.063 ; 7.063 ; 7.063 ; 7.063 ;
; A[2]       ; HEX0[2]     ; 7.073 ; 7.073 ; 7.073 ; 7.073 ;
; A[2]       ; HEX0[3]     ; 7.080 ; 7.080 ; 7.080 ; 7.080 ;
; A[2]       ; HEX0[4]     ; 6.826 ; 6.826 ; 6.826 ; 6.826 ;
; A[2]       ; HEX0[5]     ; 6.964 ; 6.964 ; 6.964 ; 6.964 ;
; A[2]       ; HEX0[6]     ; 6.953 ; 6.953 ; 6.953 ; 6.953 ;
; A[2]       ; HEX1[0]     ; 6.422 ; 6.422 ; 6.422 ; 6.422 ;
; A[2]       ; HEX1[2]     ; 6.904 ; 6.904 ; 6.904 ; 6.904 ;
; A[2]       ; HEX1[3]     ; 6.391 ; 6.391 ; 6.391 ; 6.391 ;
; A[2]       ; HEX1[4]     ; 6.384 ; 6.384 ; 6.384 ; 6.384 ;
; A[2]       ; HEX1[5]     ; 6.185 ; 6.185 ; 6.185 ; 6.185 ;
; A[2]       ; HEX1[6]     ; 5.356 ; 5.356 ; 5.356 ; 5.356 ;
; A[3]       ; HEX0[0]     ; 6.077 ; 6.077 ; 6.077 ; 6.077 ;
; A[3]       ; HEX0[1]     ; 6.050 ; 6.050 ; 6.050 ; 6.050 ;
; A[3]       ; HEX0[2]     ; 6.060 ; 6.060 ; 6.060 ; 6.060 ;
; A[3]       ; HEX0[3]     ; 6.067 ; 6.067 ; 6.067 ; 6.067 ;
; A[3]       ; HEX0[4]     ; 5.813 ; 5.813 ; 5.813 ; 5.813 ;
; A[3]       ; HEX0[5]     ; 5.951 ; 5.951 ; 5.951 ; 5.951 ;
; A[3]       ; HEX0[6]     ; 5.940 ; 5.940 ; 5.940 ; 5.940 ;
; A[3]       ; HEX1[0]     ; 5.409 ; 5.411 ; 5.411 ; 5.409 ;
; A[3]       ; HEX1[2]     ; 5.893 ; 5.891 ; 5.891 ; 5.893 ;
; A[3]       ; HEX1[3]     ; 5.378 ; 5.380 ; 5.380 ; 5.378 ;
; A[3]       ; HEX1[4]     ; 5.371 ; 5.373 ; 5.373 ; 5.371 ;
; A[3]       ; HEX1[5]     ; 5.172 ; 5.174 ; 5.174 ; 5.172 ;
; A[3]       ; HEX1[6]     ; 4.343 ; 4.345 ; 4.345 ; 4.343 ;
; B[0]       ; HEX0[0]     ; 6.814 ; 6.814 ; 6.814 ; 6.814 ;
; B[0]       ; HEX0[1]     ; 6.787 ; 6.787 ; 6.787 ; 6.787 ;
; B[0]       ; HEX0[2]     ; 6.797 ; 6.797 ; 6.797 ; 6.797 ;
; B[0]       ; HEX0[3]     ; 6.804 ; 6.804 ; 6.804 ; 6.804 ;
; B[0]       ; HEX0[4]     ; 6.550 ; 6.550 ; 6.550 ; 6.550 ;
; B[0]       ; HEX0[5]     ; 6.688 ; 6.688 ; 6.688 ; 6.688 ;
; B[0]       ; HEX0[6]     ; 6.677 ; 6.677 ; 6.677 ; 6.677 ;
; B[0]       ; HEX1[0]     ; 6.146 ; 6.146 ; 6.146 ; 6.146 ;
; B[0]       ; HEX1[2]     ; 6.628 ; 6.628 ; 6.628 ; 6.628 ;
; B[0]       ; HEX1[3]     ; 6.115 ; 6.115 ; 6.115 ; 6.115 ;
; B[0]       ; HEX1[4]     ; 6.108 ; 6.108 ; 6.108 ; 6.108 ;
; B[0]       ; HEX1[5]     ; 5.909 ; 5.909 ; 5.909 ; 5.909 ;
; B[0]       ; HEX1[6]     ; 5.080 ; 5.080 ; 5.080 ; 5.080 ;
; B[1]       ; HEX0[0]     ; 6.342 ; 6.342 ; 6.342 ; 6.342 ;
; B[1]       ; HEX0[1]     ; 6.315 ; 6.315 ; 6.315 ; 6.315 ;
; B[1]       ; HEX0[2]     ; 6.325 ; 6.325 ; 6.325 ; 6.325 ;
; B[1]       ; HEX0[3]     ; 6.332 ; 6.332 ; 6.332 ; 6.332 ;
; B[1]       ; HEX0[4]     ; 6.078 ; 6.078 ; 6.078 ; 6.078 ;
; B[1]       ; HEX0[5]     ; 6.216 ; 6.216 ; 6.216 ; 6.216 ;
; B[1]       ; HEX0[6]     ; 6.205 ; 6.205 ; 6.205 ; 6.205 ;
; B[1]       ; HEX1[0]     ; 5.674 ; 5.674 ; 5.674 ; 5.674 ;
; B[1]       ; HEX1[2]     ; 6.156 ; 6.156 ; 6.156 ; 6.156 ;
; B[1]       ; HEX1[3]     ; 5.643 ; 5.643 ; 5.643 ; 5.643 ;
; B[1]       ; HEX1[4]     ; 5.636 ; 5.636 ; 5.636 ; 5.636 ;
; B[1]       ; HEX1[5]     ; 5.437 ; 5.437 ; 5.437 ; 5.437 ;
; B[1]       ; HEX1[6]     ; 4.608 ; 4.608 ; 4.608 ; 4.608 ;
; B[2]       ; HEX0[0]     ; 7.332 ; 7.332 ; 7.332 ; 7.332 ;
; B[2]       ; HEX0[1]     ; 7.305 ; 7.305 ; 7.305 ; 7.305 ;
; B[2]       ; HEX0[2]     ; 7.315 ; 7.315 ; 7.315 ; 7.315 ;
; B[2]       ; HEX0[3]     ; 7.322 ; 7.322 ; 7.322 ; 7.322 ;
; B[2]       ; HEX0[4]     ; 7.068 ; 7.068 ; 7.068 ; 7.068 ;
; B[2]       ; HEX0[5]     ; 7.206 ; 7.206 ; 7.206 ; 7.206 ;
; B[2]       ; HEX0[6]     ; 7.195 ; 7.195 ; 7.195 ; 7.195 ;
; B[2]       ; HEX1[0]     ; 6.664 ; 6.664 ; 6.664 ; 6.664 ;
; B[2]       ; HEX1[2]     ; 7.146 ; 7.146 ; 7.146 ; 7.146 ;
; B[2]       ; HEX1[3]     ; 6.633 ; 6.633 ; 6.633 ; 6.633 ;
; B[2]       ; HEX1[4]     ; 6.626 ; 6.626 ; 6.626 ; 6.626 ;
; B[2]       ; HEX1[5]     ; 6.427 ; 6.427 ; 6.427 ; 6.427 ;
; B[2]       ; HEX1[6]     ; 5.598 ; 5.598 ; 5.598 ; 5.598 ;
; B[3]       ; HEX0[0]     ; 6.883 ; 6.883 ; 6.883 ; 6.883 ;
; B[3]       ; HEX0[1]     ; 6.856 ; 6.856 ; 6.856 ; 6.856 ;
; B[3]       ; HEX0[2]     ; 6.866 ; 6.866 ; 6.866 ; 6.866 ;
; B[3]       ; HEX0[3]     ; 6.873 ; 6.873 ; 6.873 ; 6.873 ;
; B[3]       ; HEX0[4]     ; 6.619 ; 6.619 ; 6.619 ; 6.619 ;
; B[3]       ; HEX0[5]     ; 6.757 ; 6.757 ; 6.757 ; 6.757 ;
; B[3]       ; HEX0[6]     ; 6.746 ; 6.746 ; 6.746 ; 6.746 ;
; B[3]       ; HEX1[0]     ; 6.215 ; 6.216 ; 6.216 ; 6.215 ;
; B[3]       ; HEX1[2]     ; 6.698 ; 6.697 ; 6.697 ; 6.698 ;
; B[3]       ; HEX1[3]     ; 6.184 ; 6.185 ; 6.185 ; 6.184 ;
; B[3]       ; HEX1[4]     ; 6.177 ; 6.178 ; 6.178 ; 6.177 ;
; B[3]       ; HEX1[5]     ; 5.978 ; 5.979 ; 5.979 ; 5.978 ;
; B[3]       ; HEX1[6]     ; 5.149 ; 5.150 ; 5.150 ; 5.149 ;
; TE         ; HEX0[0]     ; 9.833 ; 9.833 ; 9.833 ; 9.833 ;
; TE         ; HEX0[1]     ; 9.806 ; 9.806 ; 9.806 ; 9.806 ;
; TE         ; HEX0[2]     ; 9.816 ; 9.816 ; 9.816 ; 9.816 ;
; TE         ; HEX0[3]     ; 9.823 ; 9.823 ; 9.823 ; 9.823 ;
; TE         ; HEX0[4]     ; 9.569 ; 9.569 ; 9.569 ; 9.569 ;
; TE         ; HEX0[5]     ; 9.707 ; 9.707 ; 9.707 ; 9.707 ;
; TE         ; HEX0[6]     ; 9.696 ; 9.696 ; 9.696 ; 9.696 ;
; TE         ; HEX1[0]     ; 9.165 ; 9.165 ; 9.165 ; 9.165 ;
; TE         ; HEX1[2]     ; 9.647 ; 9.647 ; 9.647 ; 9.647 ;
; TE         ; HEX1[3]     ; 9.134 ; 9.134 ; 9.134 ; 9.134 ;
; TE         ; HEX1[4]     ; 9.127 ; 9.127 ; 9.127 ; 9.127 ;
; TE         ; HEX1[5]     ; 8.928 ; 8.928 ; 8.928 ; 8.928 ;
; TE         ; HEX1[6]     ; 8.099 ; 8.099 ; 8.099 ; 8.099 ;
+------------+-------------+-------+-------+-------+-------+


+----------------------------------------------------------+
; Minimum Propagation Delay                                ;
+------------+-------------+-------+-------+-------+-------+
; Input Port ; Output Port ; RR    ; RF    ; FR    ; FF    ;
+------------+-------------+-------+-------+-------+-------+
; A[0]       ; HEX0[0]     ; 4.295 ; 4.295 ; 4.295 ; 4.295 ;
; A[0]       ; HEX0[1]     ; 4.266 ; 4.266 ; 4.266 ; 4.266 ;
; A[0]       ; HEX0[2]     ; 4.276 ; 4.276 ; 4.276 ; 4.276 ;
; A[0]       ; HEX0[3]     ; 4.285 ; 4.285 ; 4.285 ; 4.285 ;
; A[0]       ; HEX0[4]     ; 4.125 ; 4.125 ; 4.125 ; 4.125 ;
; A[0]       ; HEX0[5]     ; 4.167 ; 4.167 ; 4.167 ; 4.167 ;
; A[0]       ; HEX0[6]     ; 4.164 ; 4.164 ; 4.164 ; 4.164 ;
; A[0]       ; HEX1[0]     ; 5.412 ; 5.412 ; 5.412 ; 5.412 ;
; A[0]       ; HEX1[2]     ; 5.761 ; 5.761 ; 5.761 ; 5.761 ;
; A[0]       ; HEX1[3]     ; 5.381 ; 5.381 ; 5.381 ; 5.381 ;
; A[0]       ; HEX1[4]     ; 5.374 ; 5.374 ; 5.374 ; 5.374 ;
; A[0]       ; HEX1[5]     ; 5.175 ; 5.175 ; 5.175 ; 5.175 ;
; A[0]       ; HEX1[6]     ; 5.372 ; 5.372 ; 5.372 ; 5.372 ;
; A[1]       ; HEX0[0]     ; 4.442 ; 4.442 ; 4.442 ; 4.442 ;
; A[1]       ; HEX0[1]     ; 4.402 ; 4.402 ; 4.402 ; 4.402 ;
; A[1]       ; HEX0[2]     ; 4.415 ; 4.415 ; 4.415 ; 4.415 ;
; A[1]       ; HEX0[3]     ; 4.431 ; 4.431 ; 4.431 ; 4.431 ;
; A[1]       ; HEX0[4]     ; 4.526 ; 4.526 ; 4.526 ; 4.526 ;
; A[1]       ; HEX0[5]     ; 4.309 ; 4.309 ; 4.309 ; 4.309 ;
; A[1]       ; HEX0[6]     ; 4.314 ; 4.314 ; 4.314 ; 4.314 ;
; A[1]       ; HEX1[0]     ; 4.867 ; 4.867 ; 4.867 ; 4.867 ;
; A[1]       ; HEX1[2]     ; 5.334 ; 5.334 ; 5.334 ; 5.334 ;
; A[1]       ; HEX1[3]     ; 4.836 ; 4.836 ; 4.836 ; 4.836 ;
; A[1]       ; HEX1[4]     ; 4.829 ; 4.829 ; 4.829 ; 4.829 ;
; A[1]       ; HEX1[5]     ; 4.630 ; 4.630 ; 4.630 ; 4.630 ;
; A[1]       ; HEX1[6]     ; 4.945 ; 4.945 ; 4.945 ; 4.945 ;
; A[2]       ; HEX0[0]     ; 5.244 ; 5.244 ; 5.244 ; 5.244 ;
; A[2]       ; HEX0[1]     ; 5.218 ; 5.218 ; 5.218 ; 5.218 ;
; A[2]       ; HEX0[2]     ; 5.228 ; 5.228 ; 5.228 ; 5.228 ;
; A[2]       ; HEX0[3]     ; 5.235 ; 5.235 ; 5.235 ; 5.235 ;
; A[2]       ; HEX0[4]     ; 5.012 ; 5.012 ; 5.012 ; 5.012 ;
; A[2]       ; HEX0[5]     ; 5.119 ; 5.119 ; 5.119 ; 5.119 ;
; A[2]       ; HEX0[6]     ; 5.110 ; 5.110 ; 5.110 ; 5.110 ;
; A[2]       ; HEX1[0]     ; 5.275 ; 5.213 ; 5.213 ; 5.275 ;
; A[2]       ; HEX1[2]     ; 5.248 ; 5.551 ; 5.551 ; 5.248 ;
; A[2]       ; HEX1[3]     ; 5.244 ; 5.182 ; 5.182 ; 5.244 ;
; A[2]       ; HEX1[4]     ; 5.237 ; 5.304 ; 5.304 ; 5.237 ;
; A[2]       ; HEX1[5]     ; 4.951 ; 5.105 ; 5.105 ; 4.951 ;
; A[2]       ; HEX1[6]     ; 5.162 ; 4.859 ; 4.859 ; 5.162 ;
; A[3]       ; HEX0[0]     ; 4.425 ; 4.425 ; 4.425 ; 4.425 ;
; A[3]       ; HEX0[1]     ; 4.399 ; 4.399 ; 4.399 ; 4.399 ;
; A[3]       ; HEX0[2]     ; 4.409 ; 4.409 ; 4.409 ; 4.409 ;
; A[3]       ; HEX0[3]     ; 4.416 ; 4.416 ; 4.416 ; 4.416 ;
; A[3]       ; HEX0[4]     ; 4.537 ; 4.537 ; 4.537 ; 4.537 ;
; A[3]       ; HEX0[5]     ; 4.300 ; 4.300 ; 4.300 ; 4.300 ;
; A[3]       ; HEX0[6]     ; 4.291 ; 4.291 ; 4.291 ; 4.291 ;
; A[3]       ; HEX1[0]     ; 4.685 ; 4.685 ; 4.685 ; 4.685 ;
; A[3]       ; HEX1[2]     ; 4.732 ; 4.732 ; 4.732 ; 4.732 ;
; A[3]       ; HEX1[3]     ; 4.654 ; 4.654 ; 4.654 ; 4.654 ;
; A[3]       ; HEX1[4]     ; 4.647 ; 4.647 ; 4.647 ; 4.647 ;
; A[3]       ; HEX1[5]     ; 4.435 ; 4.435 ; 4.435 ; 4.435 ;
; A[3]       ; HEX1[6]     ; 4.343 ; 4.343 ; 4.343 ; 4.343 ;
; B[0]       ; HEX0[0]     ; 3.694 ; 3.694 ; 3.694 ; 3.694 ;
; B[0]       ; HEX0[1]     ; 3.665 ; 3.665 ; 3.665 ; 3.665 ;
; B[0]       ; HEX0[2]     ; 3.675 ; 3.675 ; 3.675 ; 3.675 ;
; B[0]       ; HEX0[3]     ; 3.684 ; 3.684 ; 3.684 ; 3.684 ;
; B[0]       ; HEX0[4]     ; 3.524 ; 3.524 ; 3.524 ; 3.524 ;
; B[0]       ; HEX0[5]     ; 3.566 ; 3.566 ; 3.566 ; 3.566 ;
; B[0]       ; HEX0[6]     ; 3.563 ; 3.563 ; 3.563 ; 3.563 ;
; B[0]       ; HEX1[0]     ; 4.811 ; 4.811 ; 4.811 ; 4.811 ;
; B[0]       ; HEX1[2]     ; 5.160 ; 5.160 ; 5.160 ; 5.160 ;
; B[0]       ; HEX1[3]     ; 4.780 ; 4.780 ; 4.780 ; 4.780 ;
; B[0]       ; HEX1[4]     ; 4.773 ; 4.773 ; 4.773 ; 4.773 ;
; B[0]       ; HEX1[5]     ; 4.574 ; 4.574 ; 4.574 ; 4.574 ;
; B[0]       ; HEX1[6]     ; 4.771 ; 4.771 ; 4.771 ; 4.771 ;
; B[1]       ; HEX0[0]     ; 4.001 ; 4.001 ; 4.001 ; 4.001 ;
; B[1]       ; HEX0[1]     ; 3.961 ; 3.961 ; 3.961 ; 3.961 ;
; B[1]       ; HEX0[2]     ; 3.974 ; 3.974 ; 3.974 ; 3.974 ;
; B[1]       ; HEX0[3]     ; 3.990 ; 3.990 ; 3.990 ; 3.990 ;
; B[1]       ; HEX0[4]     ; 4.085 ; 4.085 ; 4.085 ; 4.085 ;
; B[1]       ; HEX0[5]     ; 3.868 ; 3.868 ; 3.868 ; 3.868 ;
; B[1]       ; HEX0[6]     ; 3.873 ; 3.873 ; 3.873 ; 3.873 ;
; B[1]       ; HEX1[0]     ; 4.341 ; 4.341 ; 4.341 ; 4.341 ;
; B[1]       ; HEX1[2]     ; 4.805 ; 4.805 ; 4.805 ; 4.805 ;
; B[1]       ; HEX1[3]     ; 4.310 ; 4.310 ; 4.310 ; 4.310 ;
; B[1]       ; HEX1[4]     ; 4.303 ; 4.303 ; 4.303 ; 4.303 ;
; B[1]       ; HEX1[5]     ; 4.104 ; 4.104 ; 4.104 ; 4.104 ;
; B[1]       ; HEX1[6]     ; 4.416 ; 4.416 ; 4.416 ; 4.416 ;
; B[2]       ; HEX0[0]     ; 5.502 ; 5.502 ; 5.502 ; 5.502 ;
; B[2]       ; HEX0[1]     ; 5.476 ; 5.476 ; 5.476 ; 5.476 ;
; B[2]       ; HEX0[2]     ; 5.486 ; 5.486 ; 5.486 ; 5.486 ;
; B[2]       ; HEX0[3]     ; 5.493 ; 5.493 ; 5.493 ; 5.493 ;
; B[2]       ; HEX0[4]     ; 5.244 ; 5.244 ; 5.244 ; 5.244 ;
; B[2]       ; HEX0[5]     ; 5.377 ; 5.377 ; 5.377 ; 5.377 ;
; B[2]       ; HEX0[6]     ; 5.368 ; 5.368 ; 5.368 ; 5.368 ;
; B[2]       ; HEX1[0]     ; 5.513 ; 5.451 ; 5.451 ; 5.513 ;
; B[2]       ; HEX1[2]     ; 5.486 ; 5.809 ; 5.809 ; 5.486 ;
; B[2]       ; HEX1[3]     ; 5.482 ; 5.420 ; 5.420 ; 5.482 ;
; B[2]       ; HEX1[4]     ; 5.475 ; 5.536 ; 5.536 ; 5.475 ;
; B[2]       ; HEX1[5]     ; 5.189 ; 5.337 ; 5.337 ; 5.189 ;
; B[2]       ; HEX1[6]     ; 5.420 ; 5.097 ; 5.097 ; 5.420 ;
; B[3]       ; HEX0[0]     ; 5.231 ; 5.231 ; 5.231 ; 5.231 ;
; B[3]       ; HEX0[1]     ; 5.205 ; 5.205 ; 5.205 ; 5.205 ;
; B[3]       ; HEX0[2]     ; 5.215 ; 5.215 ; 5.215 ; 5.215 ;
; B[3]       ; HEX0[3]     ; 5.222 ; 5.222 ; 5.222 ; 5.222 ;
; B[3]       ; HEX0[4]     ; 5.343 ; 5.343 ; 5.343 ; 5.343 ;
; B[3]       ; HEX0[5]     ; 5.106 ; 5.106 ; 5.106 ; 5.106 ;
; B[3]       ; HEX0[6]     ; 5.097 ; 5.097 ; 5.097 ; 5.097 ;
; B[3]       ; HEX1[0]     ; 5.491 ; 5.478 ; 5.478 ; 5.491 ;
; B[3]       ; HEX1[2]     ; 5.513 ; 5.538 ; 5.538 ; 5.513 ;
; B[3]       ; HEX1[3]     ; 5.460 ; 5.447 ; 5.447 ; 5.460 ;
; B[3]       ; HEX1[4]     ; 5.453 ; 5.453 ; 5.453 ; 5.453 ;
; B[3]       ; HEX1[5]     ; 5.216 ; 5.241 ; 5.241 ; 5.216 ;
; B[3]       ; HEX1[6]     ; 5.149 ; 5.124 ; 5.124 ; 5.149 ;
; TE         ; HEX0[0]     ; 6.713 ; 6.713 ; 6.713 ; 6.713 ;
; TE         ; HEX0[1]     ; 6.684 ; 6.684 ; 6.684 ; 6.684 ;
; TE         ; HEX0[2]     ; 6.694 ; 6.694 ; 6.694 ; 6.694 ;
; TE         ; HEX0[3]     ; 6.703 ; 6.703 ; 6.703 ; 6.703 ;
; TE         ; HEX0[4]     ; 6.543 ; 6.543 ; 6.543 ; 6.543 ;
; TE         ; HEX0[5]     ; 6.585 ; 6.585 ; 6.585 ; 6.585 ;
; TE         ; HEX0[6]     ; 6.582 ; 6.582 ; 6.582 ; 6.582 ;
; TE         ; HEX1[0]     ; 7.830 ; 7.830 ; 7.830 ; 7.830 ;
; TE         ; HEX1[2]     ; 8.179 ; 8.179 ; 8.179 ; 8.179 ;
; TE         ; HEX1[3]     ; 7.799 ; 7.799 ; 7.799 ; 7.799 ;
; TE         ; HEX1[4]     ; 7.792 ; 7.792 ; 7.792 ; 7.792 ;
; TE         ; HEX1[5]     ; 7.593 ; 7.593 ; 7.593 ; 7.593 ;
; TE         ; HEX1[6]     ; 7.790 ; 7.790 ; 7.790 ; 7.790 ;
+------------+-------------+-------+-------+-------+-------+


+----------------------------------------------------------------------------+
; Multicorner Timing Analysis Summary                                        ;
+------------------+-------+------+----------+---------+---------------------+
; Clock            ; Setup ; Hold ; Recovery ; Removal ; Minimum Pulse Width ;
+------------------+-------+------+----------+---------+---------------------+
; Worst-case Slack ; N/A   ; N/A  ; N/A      ; N/A     ; N/A                 ;
; Design-wide TNS  ; 0.0   ; 0.0  ; 0.0      ; 0.0     ; 0.0                 ;
+------------------+-------+------+----------+---------+---------------------+


+--------------------------------------------------------------+
; Progagation Delay                                            ;
+------------+-------------+--------+--------+--------+--------+
; Input Port ; Output Port ; RR     ; RF     ; FR     ; FF     ;
+------------+-------------+--------+--------+--------+--------+
; A[0]       ; HEX0[0]     ; 15.506 ; 15.506 ; 15.506 ; 15.506 ;
; A[0]       ; HEX0[1]     ; 15.479 ; 15.479 ; 15.479 ; 15.479 ;
; A[0]       ; HEX0[2]     ; 15.462 ; 15.462 ; 15.462 ; 15.462 ;
; A[0]       ; HEX0[3]     ; 15.497 ; 15.497 ; 15.497 ; 15.497 ;
; A[0]       ; HEX0[4]     ; 14.964 ; 14.964 ; 14.964 ; 14.964 ;
; A[0]       ; HEX0[5]     ; 15.252 ; 15.252 ; 15.252 ; 15.252 ;
; A[0]       ; HEX0[6]     ; 15.245 ; 15.245 ; 15.245 ; 15.245 ;
; A[0]       ; HEX1[0]     ; 13.916 ; 13.916 ; 13.916 ; 13.916 ;
; A[0]       ; HEX1[2]     ; 15.195 ; 15.195 ; 15.195 ; 15.195 ;
; A[0]       ; HEX1[3]     ; 13.991 ; 13.991 ; 13.991 ; 13.991 ;
; A[0]       ; HEX1[4]     ; 14.012 ; 14.012 ; 14.012 ; 14.012 ;
; A[0]       ; HEX1[5]     ; 13.468 ; 13.468 ; 13.468 ; 13.468 ;
; A[0]       ; HEX1[6]     ; 11.587 ; 11.587 ; 11.587 ; 11.587 ;
; A[1]       ; HEX0[0]     ; 14.374 ; 14.374 ; 14.374 ; 14.374 ;
; A[1]       ; HEX0[1]     ; 14.347 ; 14.347 ; 14.347 ; 14.347 ;
; A[1]       ; HEX0[2]     ; 14.330 ; 14.330 ; 14.330 ; 14.330 ;
; A[1]       ; HEX0[3]     ; 14.365 ; 14.365 ; 14.365 ; 14.365 ;
; A[1]       ; HEX0[4]     ; 13.832 ; 13.832 ; 13.832 ; 13.832 ;
; A[1]       ; HEX0[5]     ; 14.120 ; 14.120 ; 14.120 ; 14.120 ;
; A[1]       ; HEX0[6]     ; 14.113 ; 14.113 ; 14.113 ; 14.113 ;
; A[1]       ; HEX1[0]     ; 12.784 ; 12.784 ; 12.784 ; 12.784 ;
; A[1]       ; HEX1[2]     ; 14.063 ; 14.063 ; 14.063 ; 14.063 ;
; A[1]       ; HEX1[3]     ; 12.859 ; 12.859 ; 12.859 ; 12.859 ;
; A[1]       ; HEX1[4]     ; 12.880 ; 12.880 ; 12.880 ; 12.880 ;
; A[1]       ; HEX1[5]     ; 12.336 ; 12.336 ; 12.336 ; 12.336 ;
; A[1]       ; HEX1[6]     ; 10.455 ; 10.455 ; 10.455 ; 10.455 ;
; A[2]       ; HEX0[0]     ; 14.976 ; 14.976 ; 14.976 ; 14.976 ;
; A[2]       ; HEX0[1]     ; 14.949 ; 14.949 ; 14.949 ; 14.949 ;
; A[2]       ; HEX0[2]     ; 14.932 ; 14.932 ; 14.932 ; 14.932 ;
; A[2]       ; HEX0[3]     ; 14.967 ; 14.967 ; 14.967 ; 14.967 ;
; A[2]       ; HEX0[4]     ; 14.434 ; 14.434 ; 14.434 ; 14.434 ;
; A[2]       ; HEX0[5]     ; 14.722 ; 14.722 ; 14.722 ; 14.722 ;
; A[2]       ; HEX0[6]     ; 14.715 ; 14.715 ; 14.715 ; 14.715 ;
; A[2]       ; HEX1[0]     ; 13.386 ; 13.386 ; 13.386 ; 13.386 ;
; A[2]       ; HEX1[2]     ; 14.665 ; 14.665 ; 14.665 ; 14.665 ;
; A[2]       ; HEX1[3]     ; 13.461 ; 13.461 ; 13.461 ; 13.461 ;
; A[2]       ; HEX1[4]     ; 13.482 ; 13.482 ; 13.482 ; 13.482 ;
; A[2]       ; HEX1[5]     ; 12.938 ; 12.938 ; 12.938 ; 12.938 ;
; A[2]       ; HEX1[6]     ; 11.057 ; 11.057 ; 11.057 ; 11.057 ;
; A[3]       ; HEX0[0]     ; 12.868 ; 12.868 ; 12.868 ; 12.868 ;
; A[3]       ; HEX0[1]     ; 12.841 ; 12.841 ; 12.841 ; 12.841 ;
; A[3]       ; HEX0[2]     ; 12.824 ; 12.824 ; 12.824 ; 12.824 ;
; A[3]       ; HEX0[3]     ; 12.859 ; 12.859 ; 12.859 ; 12.859 ;
; A[3]       ; HEX0[4]     ; 12.326 ; 12.326 ; 12.326 ; 12.326 ;
; A[3]       ; HEX0[5]     ; 12.614 ; 12.614 ; 12.614 ; 12.614 ;
; A[3]       ; HEX0[6]     ; 12.607 ; 12.607 ; 12.607 ; 12.607 ;
; A[3]       ; HEX1[0]     ; 11.278 ; 11.278 ; 11.278 ; 11.278 ;
; A[3]       ; HEX1[2]     ; 12.557 ; 12.557 ; 12.557 ; 12.557 ;
; A[3]       ; HEX1[3]     ; 11.353 ; 11.353 ; 11.353 ; 11.353 ;
; A[3]       ; HEX1[4]     ; 11.374 ; 11.374 ; 11.374 ; 11.374 ;
; A[3]       ; HEX1[5]     ; 10.830 ; 10.830 ; 10.830 ; 10.830 ;
; A[3]       ; HEX1[6]     ; 8.949  ; 8.949  ; 8.949  ; 8.949  ;
; B[0]       ; HEX0[0]     ; 14.544 ; 14.544 ; 14.544 ; 14.544 ;
; B[0]       ; HEX0[1]     ; 14.517 ; 14.517 ; 14.517 ; 14.517 ;
; B[0]       ; HEX0[2]     ; 14.500 ; 14.500 ; 14.500 ; 14.500 ;
; B[0]       ; HEX0[3]     ; 14.535 ; 14.535 ; 14.535 ; 14.535 ;
; B[0]       ; HEX0[4]     ; 14.002 ; 14.002 ; 14.002 ; 14.002 ;
; B[0]       ; HEX0[5]     ; 14.290 ; 14.290 ; 14.290 ; 14.290 ;
; B[0]       ; HEX0[6]     ; 14.283 ; 14.283 ; 14.283 ; 14.283 ;
; B[0]       ; HEX1[0]     ; 12.954 ; 12.954 ; 12.954 ; 12.954 ;
; B[0]       ; HEX1[2]     ; 14.233 ; 14.233 ; 14.233 ; 14.233 ;
; B[0]       ; HEX1[3]     ; 13.029 ; 13.029 ; 13.029 ; 13.029 ;
; B[0]       ; HEX1[4]     ; 13.050 ; 13.050 ; 13.050 ; 13.050 ;
; B[0]       ; HEX1[5]     ; 12.506 ; 12.506 ; 12.506 ; 12.506 ;
; B[0]       ; HEX1[6]     ; 10.625 ; 10.625 ; 10.625 ; 10.625 ;
; B[1]       ; HEX0[0]     ; 13.459 ; 13.459 ; 13.459 ; 13.459 ;
; B[1]       ; HEX0[1]     ; 13.432 ; 13.432 ; 13.432 ; 13.432 ;
; B[1]       ; HEX0[2]     ; 13.415 ; 13.415 ; 13.415 ; 13.415 ;
; B[1]       ; HEX0[3]     ; 13.450 ; 13.450 ; 13.450 ; 13.450 ;
; B[1]       ; HEX0[4]     ; 12.917 ; 12.917 ; 12.917 ; 12.917 ;
; B[1]       ; HEX0[5]     ; 13.205 ; 13.205 ; 13.205 ; 13.205 ;
; B[1]       ; HEX0[6]     ; 13.198 ; 13.198 ; 13.198 ; 13.198 ;
; B[1]       ; HEX1[0]     ; 11.869 ; 11.869 ; 11.869 ; 11.869 ;
; B[1]       ; HEX1[2]     ; 13.148 ; 13.148 ; 13.148 ; 13.148 ;
; B[1]       ; HEX1[3]     ; 11.944 ; 11.944 ; 11.944 ; 11.944 ;
; B[1]       ; HEX1[4]     ; 11.965 ; 11.965 ; 11.965 ; 11.965 ;
; B[1]       ; HEX1[5]     ; 11.421 ; 11.421 ; 11.421 ; 11.421 ;
; B[1]       ; HEX1[6]     ; 9.540  ; 9.540  ; 9.540  ; 9.540  ;
; B[2]       ; HEX0[0]     ; 15.178 ; 15.178 ; 15.178 ; 15.178 ;
; B[2]       ; HEX0[1]     ; 15.151 ; 15.151 ; 15.151 ; 15.151 ;
; B[2]       ; HEX0[2]     ; 15.134 ; 15.134 ; 15.134 ; 15.134 ;
; B[2]       ; HEX0[3]     ; 15.169 ; 15.169 ; 15.169 ; 15.169 ;
; B[2]       ; HEX0[4]     ; 14.636 ; 14.636 ; 14.636 ; 14.636 ;
; B[2]       ; HEX0[5]     ; 14.924 ; 14.924 ; 14.924 ; 14.924 ;
; B[2]       ; HEX0[6]     ; 14.917 ; 14.917 ; 14.917 ; 14.917 ;
; B[2]       ; HEX1[0]     ; 13.588 ; 13.588 ; 13.588 ; 13.588 ;
; B[2]       ; HEX1[2]     ; 14.867 ; 14.867 ; 14.867 ; 14.867 ;
; B[2]       ; HEX1[3]     ; 13.663 ; 13.663 ; 13.663 ; 13.663 ;
; B[2]       ; HEX1[4]     ; 13.684 ; 13.684 ; 13.684 ; 13.684 ;
; B[2]       ; HEX1[5]     ; 13.140 ; 13.140 ; 13.140 ; 13.140 ;
; B[2]       ; HEX1[6]     ; 11.259 ; 11.259 ; 11.259 ; 11.259 ;
; B[3]       ; HEX0[0]     ; 14.146 ; 14.146 ; 14.146 ; 14.146 ;
; B[3]       ; HEX0[1]     ; 14.119 ; 14.119 ; 14.119 ; 14.119 ;
; B[3]       ; HEX0[2]     ; 14.102 ; 14.102 ; 14.102 ; 14.102 ;
; B[3]       ; HEX0[3]     ; 14.137 ; 14.137 ; 14.137 ; 14.137 ;
; B[3]       ; HEX0[4]     ; 13.604 ; 13.604 ; 13.604 ; 13.604 ;
; B[3]       ; HEX0[5]     ; 13.892 ; 13.892 ; 13.892 ; 13.892 ;
; B[3]       ; HEX0[6]     ; 13.885 ; 13.885 ; 13.885 ; 13.885 ;
; B[3]       ; HEX1[0]     ; 12.556 ; 12.556 ; 12.556 ; 12.556 ;
; B[3]       ; HEX1[2]     ; 13.835 ; 13.835 ; 13.835 ; 13.835 ;
; B[3]       ; HEX1[3]     ; 12.631 ; 12.631 ; 12.631 ; 12.631 ;
; B[3]       ; HEX1[4]     ; 12.652 ; 12.652 ; 12.652 ; 12.652 ;
; B[3]       ; HEX1[5]     ; 12.108 ; 12.108 ; 12.108 ; 12.108 ;
; B[3]       ; HEX1[6]     ; 10.227 ; 10.227 ; 10.227 ; 10.227 ;
; TE         ; HEX0[0]     ; 19.473 ; 19.473 ; 19.473 ; 19.473 ;
; TE         ; HEX0[1]     ; 19.446 ; 19.446 ; 19.446 ; 19.446 ;
; TE         ; HEX0[2]     ; 19.429 ; 19.429 ; 19.429 ; 19.429 ;
; TE         ; HEX0[3]     ; 19.464 ; 19.464 ; 19.464 ; 19.464 ;
; TE         ; HEX0[4]     ; 18.931 ; 18.931 ; 18.931 ; 18.931 ;
; TE         ; HEX0[5]     ; 19.219 ; 19.219 ; 19.219 ; 19.219 ;
; TE         ; HEX0[6]     ; 19.212 ; 19.212 ; 19.212 ; 19.212 ;
; TE         ; HEX1[0]     ; 17.883 ; 17.883 ; 17.883 ; 17.883 ;
; TE         ; HEX1[2]     ; 19.162 ; 19.162 ; 19.162 ; 19.162 ;
; TE         ; HEX1[3]     ; 17.958 ; 17.958 ; 17.958 ; 17.958 ;
; TE         ; HEX1[4]     ; 17.979 ; 17.979 ; 17.979 ; 17.979 ;
; TE         ; HEX1[5]     ; 17.435 ; 17.435 ; 17.435 ; 17.435 ;
; TE         ; HEX1[6]     ; 15.554 ; 15.554 ; 15.554 ; 15.554 ;
+------------+-------------+--------+--------+--------+--------+


+----------------------------------------------------------+
; Minimum Progagation Delay                                ;
+------------+-------------+-------+-------+-------+-------+
; Input Port ; Output Port ; RR    ; RF    ; FR    ; FF    ;
+------------+-------------+-------+-------+-------+-------+
; A[0]       ; HEX0[0]     ; 4.295 ; 4.295 ; 4.295 ; 4.295 ;
; A[0]       ; HEX0[1]     ; 4.266 ; 4.266 ; 4.266 ; 4.266 ;
; A[0]       ; HEX0[2]     ; 4.276 ; 4.276 ; 4.276 ; 4.276 ;
; A[0]       ; HEX0[3]     ; 4.285 ; 4.285 ; 4.285 ; 4.285 ;
; A[0]       ; HEX0[4]     ; 4.125 ; 4.125 ; 4.125 ; 4.125 ;
; A[0]       ; HEX0[5]     ; 4.167 ; 4.167 ; 4.167 ; 4.167 ;
; A[0]       ; HEX0[6]     ; 4.164 ; 4.164 ; 4.164 ; 4.164 ;
; A[0]       ; HEX1[0]     ; 5.412 ; 5.412 ; 5.412 ; 5.412 ;
; A[0]       ; HEX1[2]     ; 5.761 ; 5.761 ; 5.761 ; 5.761 ;
; A[0]       ; HEX1[3]     ; 5.381 ; 5.381 ; 5.381 ; 5.381 ;
; A[0]       ; HEX1[4]     ; 5.374 ; 5.374 ; 5.374 ; 5.374 ;
; A[0]       ; HEX1[5]     ; 5.175 ; 5.175 ; 5.175 ; 5.175 ;
; A[0]       ; HEX1[6]     ; 5.372 ; 5.372 ; 5.372 ; 5.372 ;
; A[1]       ; HEX0[0]     ; 4.442 ; 4.442 ; 4.442 ; 4.442 ;
; A[1]       ; HEX0[1]     ; 4.402 ; 4.402 ; 4.402 ; 4.402 ;
; A[1]       ; HEX0[2]     ; 4.415 ; 4.415 ; 4.415 ; 4.415 ;
; A[1]       ; HEX0[3]     ; 4.431 ; 4.431 ; 4.431 ; 4.431 ;
; A[1]       ; HEX0[4]     ; 4.526 ; 4.526 ; 4.526 ; 4.526 ;
; A[1]       ; HEX0[5]     ; 4.309 ; 4.309 ; 4.309 ; 4.309 ;
; A[1]       ; HEX0[6]     ; 4.314 ; 4.314 ; 4.314 ; 4.314 ;
; A[1]       ; HEX1[0]     ; 4.867 ; 4.867 ; 4.867 ; 4.867 ;
; A[1]       ; HEX1[2]     ; 5.334 ; 5.334 ; 5.334 ; 5.334 ;
; A[1]       ; HEX1[3]     ; 4.836 ; 4.836 ; 4.836 ; 4.836 ;
; A[1]       ; HEX1[4]     ; 4.829 ; 4.829 ; 4.829 ; 4.829 ;
; A[1]       ; HEX1[5]     ; 4.630 ; 4.630 ; 4.630 ; 4.630 ;
; A[1]       ; HEX1[6]     ; 4.945 ; 4.945 ; 4.945 ; 4.945 ;
; A[2]       ; HEX0[0]     ; 5.244 ; 5.244 ; 5.244 ; 5.244 ;
; A[2]       ; HEX0[1]     ; 5.218 ; 5.218 ; 5.218 ; 5.218 ;
; A[2]       ; HEX0[2]     ; 5.228 ; 5.228 ; 5.228 ; 5.228 ;
; A[2]       ; HEX0[3]     ; 5.235 ; 5.235 ; 5.235 ; 5.235 ;
; A[2]       ; HEX0[4]     ; 5.012 ; 5.012 ; 5.012 ; 5.012 ;
; A[2]       ; HEX0[5]     ; 5.119 ; 5.119 ; 5.119 ; 5.119 ;
; A[2]       ; HEX0[6]     ; 5.110 ; 5.110 ; 5.110 ; 5.110 ;
; A[2]       ; HEX1[0]     ; 5.275 ; 5.213 ; 5.213 ; 5.275 ;
; A[2]       ; HEX1[2]     ; 5.248 ; 5.551 ; 5.551 ; 5.248 ;
; A[2]       ; HEX1[3]     ; 5.244 ; 5.182 ; 5.182 ; 5.244 ;
; A[2]       ; HEX1[4]     ; 5.237 ; 5.304 ; 5.304 ; 5.237 ;
; A[2]       ; HEX1[5]     ; 4.951 ; 5.105 ; 5.105 ; 4.951 ;
; A[2]       ; HEX1[6]     ; 5.162 ; 4.859 ; 4.859 ; 5.162 ;
; A[3]       ; HEX0[0]     ; 4.425 ; 4.425 ; 4.425 ; 4.425 ;
; A[3]       ; HEX0[1]     ; 4.399 ; 4.399 ; 4.399 ; 4.399 ;
; A[3]       ; HEX0[2]     ; 4.409 ; 4.409 ; 4.409 ; 4.409 ;
; A[3]       ; HEX0[3]     ; 4.416 ; 4.416 ; 4.416 ; 4.416 ;
; A[3]       ; HEX0[4]     ; 4.537 ; 4.537 ; 4.537 ; 4.537 ;
; A[3]       ; HEX0[5]     ; 4.300 ; 4.300 ; 4.300 ; 4.300 ;
; A[3]       ; HEX0[6]     ; 4.291 ; 4.291 ; 4.291 ; 4.291 ;
; A[3]       ; HEX1[0]     ; 4.685 ; 4.685 ; 4.685 ; 4.685 ;
; A[3]       ; HEX1[2]     ; 4.732 ; 4.732 ; 4.732 ; 4.732 ;
; A[3]       ; HEX1[3]     ; 4.654 ; 4.654 ; 4.654 ; 4.654 ;
; A[3]       ; HEX1[4]     ; 4.647 ; 4.647 ; 4.647 ; 4.647 ;
; A[3]       ; HEX1[5]     ; 4.435 ; 4.435 ; 4.435 ; 4.435 ;
; A[3]       ; HEX1[6]     ; 4.343 ; 4.343 ; 4.343 ; 4.343 ;
; B[0]       ; HEX0[0]     ; 3.694 ; 3.694 ; 3.694 ; 3.694 ;
; B[0]       ; HEX0[1]     ; 3.665 ; 3.665 ; 3.665 ; 3.665 ;
; B[0]       ; HEX0[2]     ; 3.675 ; 3.675 ; 3.675 ; 3.675 ;
; B[0]       ; HEX0[3]     ; 3.684 ; 3.684 ; 3.684 ; 3.684 ;
; B[0]       ; HEX0[4]     ; 3.524 ; 3.524 ; 3.524 ; 3.524 ;
; B[0]       ; HEX0[5]     ; 3.566 ; 3.566 ; 3.566 ; 3.566 ;
; B[0]       ; HEX0[6]     ; 3.563 ; 3.563 ; 3.563 ; 3.563 ;
; B[0]       ; HEX1[0]     ; 4.811 ; 4.811 ; 4.811 ; 4.811 ;
; B[0]       ; HEX1[2]     ; 5.160 ; 5.160 ; 5.160 ; 5.160 ;
; B[0]       ; HEX1[3]     ; 4.780 ; 4.780 ; 4.780 ; 4.780 ;
; B[0]       ; HEX1[4]     ; 4.773 ; 4.773 ; 4.773 ; 4.773 ;
; B[0]       ; HEX1[5]     ; 4.574 ; 4.574 ; 4.574 ; 4.574 ;
; B[0]       ; HEX1[6]     ; 4.771 ; 4.771 ; 4.771 ; 4.771 ;
; B[1]       ; HEX0[0]     ; 4.001 ; 4.001 ; 4.001 ; 4.001 ;
; B[1]       ; HEX0[1]     ; 3.961 ; 3.961 ; 3.961 ; 3.961 ;
; B[1]       ; HEX0[2]     ; 3.974 ; 3.974 ; 3.974 ; 3.974 ;
; B[1]       ; HEX0[3]     ; 3.990 ; 3.990 ; 3.990 ; 3.990 ;
; B[1]       ; HEX0[4]     ; 4.085 ; 4.085 ; 4.085 ; 4.085 ;
; B[1]       ; HEX0[5]     ; 3.868 ; 3.868 ; 3.868 ; 3.868 ;
; B[1]       ; HEX0[6]     ; 3.873 ; 3.873 ; 3.873 ; 3.873 ;
; B[1]       ; HEX1[0]     ; 4.341 ; 4.341 ; 4.341 ; 4.341 ;
; B[1]       ; HEX1[2]     ; 4.805 ; 4.805 ; 4.805 ; 4.805 ;
; B[1]       ; HEX1[3]     ; 4.310 ; 4.310 ; 4.310 ; 4.310 ;
; B[1]       ; HEX1[4]     ; 4.303 ; 4.303 ; 4.303 ; 4.303 ;
; B[1]       ; HEX1[5]     ; 4.104 ; 4.104 ; 4.104 ; 4.104 ;
; B[1]       ; HEX1[6]     ; 4.416 ; 4.416 ; 4.416 ; 4.416 ;
; B[2]       ; HEX0[0]     ; 5.502 ; 5.502 ; 5.502 ; 5.502 ;
; B[2]       ; HEX0[1]     ; 5.476 ; 5.476 ; 5.476 ; 5.476 ;
; B[2]       ; HEX0[2]     ; 5.486 ; 5.486 ; 5.486 ; 5.486 ;
; B[2]       ; HEX0[3]     ; 5.493 ; 5.493 ; 5.493 ; 5.493 ;
; B[2]       ; HEX0[4]     ; 5.244 ; 5.244 ; 5.244 ; 5.244 ;
; B[2]       ; HEX0[5]     ; 5.377 ; 5.377 ; 5.377 ; 5.377 ;
; B[2]       ; HEX0[6]     ; 5.368 ; 5.368 ; 5.368 ; 5.368 ;
; B[2]       ; HEX1[0]     ; 5.513 ; 5.451 ; 5.451 ; 5.513 ;
; B[2]       ; HEX1[2]     ; 5.486 ; 5.809 ; 5.809 ; 5.486 ;
; B[2]       ; HEX1[3]     ; 5.482 ; 5.420 ; 5.420 ; 5.482 ;
; B[2]       ; HEX1[4]     ; 5.475 ; 5.536 ; 5.536 ; 5.475 ;
; B[2]       ; HEX1[5]     ; 5.189 ; 5.337 ; 5.337 ; 5.189 ;
; B[2]       ; HEX1[6]     ; 5.420 ; 5.097 ; 5.097 ; 5.420 ;
; B[3]       ; HEX0[0]     ; 5.231 ; 5.231 ; 5.231 ; 5.231 ;
; B[3]       ; HEX0[1]     ; 5.205 ; 5.205 ; 5.205 ; 5.205 ;
; B[3]       ; HEX0[2]     ; 5.215 ; 5.215 ; 5.215 ; 5.215 ;
; B[3]       ; HEX0[3]     ; 5.222 ; 5.222 ; 5.222 ; 5.222 ;
; B[3]       ; HEX0[4]     ; 5.343 ; 5.343 ; 5.343 ; 5.343 ;
; B[3]       ; HEX0[5]     ; 5.106 ; 5.106 ; 5.106 ; 5.106 ;
; B[3]       ; HEX0[6]     ; 5.097 ; 5.097 ; 5.097 ; 5.097 ;
; B[3]       ; HEX1[0]     ; 5.491 ; 5.478 ; 5.478 ; 5.491 ;
; B[3]       ; HEX1[2]     ; 5.513 ; 5.538 ; 5.538 ; 5.513 ;
; B[3]       ; HEX1[3]     ; 5.460 ; 5.447 ; 5.447 ; 5.460 ;
; B[3]       ; HEX1[4]     ; 5.453 ; 5.453 ; 5.453 ; 5.453 ;
; B[3]       ; HEX1[5]     ; 5.216 ; 5.241 ; 5.241 ; 5.216 ;
; B[3]       ; HEX1[6]     ; 5.149 ; 5.124 ; 5.124 ; 5.149 ;
; TE         ; HEX0[0]     ; 6.713 ; 6.713 ; 6.713 ; 6.713 ;
; TE         ; HEX0[1]     ; 6.684 ; 6.684 ; 6.684 ; 6.684 ;
; TE         ; HEX0[2]     ; 6.694 ; 6.694 ; 6.694 ; 6.694 ;
; TE         ; HEX0[3]     ; 6.703 ; 6.703 ; 6.703 ; 6.703 ;
; TE         ; HEX0[4]     ; 6.543 ; 6.543 ; 6.543 ; 6.543 ;
; TE         ; HEX0[5]     ; 6.585 ; 6.585 ; 6.585 ; 6.585 ;
; TE         ; HEX0[6]     ; 6.582 ; 6.582 ; 6.582 ; 6.582 ;
; TE         ; HEX1[0]     ; 7.830 ; 7.830 ; 7.830 ; 7.830 ;
; TE         ; HEX1[2]     ; 8.179 ; 8.179 ; 8.179 ; 8.179 ;
; TE         ; HEX1[3]     ; 7.799 ; 7.799 ; 7.799 ; 7.799 ;
; TE         ; HEX1[4]     ; 7.792 ; 7.792 ; 7.792 ; 7.792 ;
; TE         ; HEX1[5]     ; 7.593 ; 7.593 ; 7.593 ; 7.593 ;
; TE         ; HEX1[6]     ; 7.790 ; 7.790 ; 7.790 ; 7.790 ;
+------------+-------------+-------+-------+-------+-------+


-------------------
; Clock Transfers ;
-------------------
Nothing to report.


---------------
; Report TCCS ;
---------------
No dedicated SERDES Transmitter circuitry present in device or used in design


---------------
; Report RSKM ;
---------------
No dedicated SERDES Receiver circuitry present in device or used in design


+------------------------------------------------+
; Unconstrained Paths                            ;
+---------------------------------+-------+------+
; Property                        ; Setup ; Hold ;
+---------------------------------+-------+------+
; Illegal Clocks                  ; 0     ; 0    ;
; Unconstrained Clocks            ; 0     ; 0    ;
; Unconstrained Input Ports       ; 9     ; 9    ;
; Unconstrained Input Port Paths  ; 117   ; 117  ;
; Unconstrained Output Ports      ; 13    ; 13   ;
; Unconstrained Output Port Paths ; 117   ; 117  ;
+---------------------------------+-------+------+


+------------------------------------+
; TimeQuest Timing Analyzer Messages ;
+------------------------------------+
Info: *******************************************************************
Info: Running Quartus II 64-Bit TimeQuest Timing Analyzer
    Info: Version 13.0.1 Build 232 06/12/2013 Service Pack 1 SJ Web Edition
    Info: Processing started: Thu May 09 15:45:55 2019
Info: Command: quartus_sta somador_4bits -c somador_4bits
Info: qsta_default_script.tcl version: #1
Warning (20028): Parallel compilation is not licensed and has been disabled
Info (21077): Low junction temperature is 0 degrees C
Info (21077): High junction temperature is 85 degrees C
Critical Warning (332012): Synopsys Design Constraints File file not found: 'somador_4bits.sdc'. A Synopsys Design Constraints File is required by the TimeQuest Timing Analyzer to get proper timing constraints. Without it, the Compiler will not properly optimize the design.
Info (332142): No user constrained base clocks found in the design. Calling "derive_clocks -period 1.0"
Info (332096): The command derive_clocks did not find any clocks to derive.  No clocks were created or changed.
Warning (332068): No clocks defined in design.
Info: Found TIMEQUEST_REPORT_SCRIPT_INCLUDE_DEFAULT_ANALYSIS = ON
Info (332159): No clocks to report
Info: Analyzing Slow Model
Info (332140): No fmax paths to report
Info (332140): No Setup paths to report
Info (332140): No Hold paths to report
Info (332140): No Recovery paths to report
Info (332140): No Removal paths to report
Info (332140): No Minimum Pulse Width paths to report
Info (332001): The selected device family is not supported by the report_metastability command.
Info: Analyzing Fast Model
Info (332142): No user constrained base clocks found in the design. Calling "derive_clocks -period 1.0"
Info (332096): The command derive_clocks did not find any clocks to derive.  No clocks were created or changed.
Warning (332068): No clocks defined in design.
Info (332140): No Setup paths to report
Info (332140): No Hold paths to report
Info (332140): No Recovery paths to report
Info (332140): No Removal paths to report
Info (332140): No Minimum Pulse Width paths to report
Info (332001): The selected device family is not supported by the report_metastability command.
Info (332102): Design is not fully constrained for setup requirements
Info (332102): Design is not fully constrained for hold requirements
Info: Quartus II 64-Bit TimeQuest Timing Analyzer was successful. 0 errors, 4 warnings
    Info: Peak virtual memory: 4560 megabytes
    Info: Processing ended: Thu May 09 15:45:56 2019
    Info: Elapsed time: 00:00:01
    Info: Total CPU time (on all processors): 00:00:01


