TimeQuest Timing Analyzer report for somador_subtrator_4bits
Sun May 19 13:26:55 2019
Quartus II 64-Bit Version 13.0.1 Build 232 06/12/2013 Service Pack 1 SJ Web Edition


---------------------
; Table of Contents ;
---------------------
  1. Legal Notice
  2. TimeQuest Timing Analyzer Summary
  3. Parallel Compilation
  4. Clocks
  5. Slow Model Fmax Summary
  6. Slow Model Setup Summary
  7. Slow Model Hold Summary
  8. Slow Model Recovery Summary
  9. Slow Model Removal Summary
 10. Slow Model Minimum Pulse Width Summary
 11. Propagation Delay
 12. Minimum Propagation Delay
 13. Fast Model Setup Summary
 14. Fast Model Hold Summary
 15. Fast Model Recovery Summary
 16. Fast Model Removal Summary
 17. Fast Model Minimum Pulse Width Summary
 18. Propagation Delay
 19. Minimum Propagation Delay
 20. Multicorner Timing Analysis Summary
 21. Progagation Delay
 22. Minimum Progagation Delay
 23. Clock Transfers
 24. Report TCCS
 25. Report RSKM
 26. Unconstrained Paths
 27. TimeQuest Timing Analyzer Messages



----------------
; Legal Notice ;
----------------
Copyright (C) 1991-2013 Altera Corporation
Your use of Altera Corporation's design tools, logic functions 
and other software and tools, and its AMPP partner logic 
functions, and any output files from any of the foregoing 
(including device programming or simulation files), and any 
associated documentation or information are expressly subject 
to the terms and conditions of the Altera Program License 
Subscription Agreement, Altera MegaCore Function License 
Agreement, or other applicable license agreement, including, 
without limitation, that your use is for the sole purpose of 
programming logic devices manufactured by Altera and sold by 
Altera or its authorized distributors.  Please refer to the 
applicable agreement for further details.



+----------------------------------------------------------------------------------------+
; TimeQuest Timing Analyzer Summary                                                      ;
+--------------------+-------------------------------------------------------------------+
; Quartus II Version ; Version 13.0.1 Build 232 06/12/2013 Service Pack 1 SJ Web Edition ;
; Revision Name      ; somador_subtrator_4bits                                           ;
; Device Family      ; Cyclone II                                                        ;
; Device Name        ; EP2C35F672C6                                                      ;
; Timing Models      ; Final                                                             ;
; Delay Model        ; Combined                                                          ;
; Rise/Fall Delays   ; Unavailable                                                       ;
+--------------------+-------------------------------------------------------------------+


Parallel compilation was disabled, but you have multiple processors available. Enable parallel compilation to reduce compilation time.
+-------------------------------------+
; Parallel Compilation                ;
+----------------------------+--------+
; Processors                 ; Number ;
+----------------------------+--------+
; Number detected on machine ; 2      ;
; Maximum allowed            ; 1      ;
+----------------------------+--------+


----------
; Clocks ;
----------
No clocks to report.


---------------------------
; Slow Model Fmax Summary ;
---------------------------
No paths to report.


----------------------------
; Slow Model Setup Summary ;
----------------------------
No paths to report.


---------------------------
; Slow Model Hold Summary ;
---------------------------
No paths to report.


-------------------------------
; Slow Model Recovery Summary ;
-------------------------------
No paths to report.


------------------------------
; Slow Model Removal Summary ;
------------------------------
No paths to report.


------------------------------------------
; Slow Model Minimum Pulse Width Summary ;
------------------------------------------
No paths to report.


+--------------------------------------------------------------+
; Propagation Delay                                            ;
+------------+-------------+--------+--------+--------+--------+
; Input Port ; Output Port ; RR     ; RF     ; FR     ; FF     ;
+------------+-------------+--------+--------+--------+--------+
; A[0]       ; HEX0[0]     ; 14.581 ; 14.581 ; 14.581 ; 14.581 ;
; A[0]       ; HEX0[1]     ; 14.528 ; 14.528 ; 14.528 ; 14.528 ;
; A[0]       ; HEX0[2]     ; 14.538 ; 14.538 ; 14.538 ; 14.538 ;
; A[0]       ; HEX0[3]     ; 14.309 ; 14.309 ; 14.309 ; 14.309 ;
; A[0]       ; HEX0[4]     ; 14.303 ; 14.303 ; 14.303 ; 14.303 ;
; A[0]       ; HEX0[5]     ; 14.311 ; 14.311 ; 14.311 ; 14.311 ;
; A[0]       ; HEX0[6]     ; 14.294 ; 14.294 ; 14.294 ; 14.294 ;
; A[0]       ; HEX1[0]     ; 14.295 ; 14.295 ; 14.295 ; 14.295 ;
; A[0]       ; HEX1[2]     ; 14.607 ; 14.607 ; 14.607 ; 14.607 ;
; A[0]       ; HEX1[3]     ; 13.849 ; 13.849 ; 13.849 ; 13.849 ;
; A[0]       ; HEX1[4]     ; 14.344 ; 14.344 ; 14.344 ; 14.344 ;
; A[0]       ; HEX1[5]     ; 13.920 ; 13.920 ; 13.920 ; 13.920 ;
; A[0]       ; HEX1[6]     ; 11.410 ; 11.410 ; 11.410 ; 11.410 ;
; A[1]       ; HEX0[0]     ; 13.993 ; 13.993 ; 13.993 ; 13.993 ;
; A[1]       ; HEX0[1]     ; 13.940 ; 13.940 ; 13.940 ; 13.940 ;
; A[1]       ; HEX0[2]     ; 13.950 ; 13.950 ; 13.950 ; 13.950 ;
; A[1]       ; HEX0[3]     ; 13.721 ; 13.721 ; 13.721 ; 13.721 ;
; A[1]       ; HEX0[4]     ; 13.715 ; 13.715 ; 13.715 ; 13.715 ;
; A[1]       ; HEX0[5]     ; 13.723 ; 13.723 ; 13.723 ; 13.723 ;
; A[1]       ; HEX0[6]     ; 13.706 ; 13.706 ; 13.706 ; 13.706 ;
; A[1]       ; HEX1[0]     ; 13.707 ; 13.707 ; 13.707 ; 13.707 ;
; A[1]       ; HEX1[2]     ; 14.019 ; 14.019 ; 14.019 ; 14.019 ;
; A[1]       ; HEX1[3]     ; 13.261 ; 13.261 ; 13.261 ; 13.261 ;
; A[1]       ; HEX1[4]     ; 13.756 ; 13.756 ; 13.756 ; 13.756 ;
; A[1]       ; HEX1[5]     ; 13.332 ; 13.332 ; 13.332 ; 13.332 ;
; A[1]       ; HEX1[6]     ; 10.822 ; 10.822 ; 10.822 ; 10.822 ;
; A[2]       ; HEX0[0]     ; 12.579 ; 12.579 ; 12.579 ; 12.579 ;
; A[2]       ; HEX0[1]     ; 12.526 ; 12.526 ; 12.526 ; 12.526 ;
; A[2]       ; HEX0[2]     ; 12.536 ; 12.536 ; 12.536 ; 12.536 ;
; A[2]       ; HEX0[3]     ; 12.307 ; 12.307 ; 12.307 ; 12.307 ;
; A[2]       ; HEX0[4]     ; 12.301 ; 12.301 ; 12.301 ; 12.301 ;
; A[2]       ; HEX0[5]     ; 12.309 ; 12.309 ; 12.309 ; 12.309 ;
; A[2]       ; HEX0[6]     ; 12.292 ; 12.292 ; 12.292 ; 12.292 ;
; A[2]       ; HEX1[0]     ; 12.293 ; 12.293 ; 12.293 ; 12.293 ;
; A[2]       ; HEX1[2]     ; 12.605 ; 12.605 ; 12.605 ; 12.605 ;
; A[2]       ; HEX1[3]     ; 11.847 ; 11.847 ; 11.847 ; 11.847 ;
; A[2]       ; HEX1[4]     ; 12.342 ; 12.342 ; 12.342 ; 12.342 ;
; A[2]       ; HEX1[5]     ; 11.918 ; 11.918 ; 11.918 ; 11.918 ;
; A[2]       ; HEX1[6]     ; 9.408  ; 9.408  ; 9.408  ; 9.408  ;
; A[3]       ; HEX0[0]     ; 10.970 ; 10.970 ; 10.970 ; 10.970 ;
; A[3]       ; HEX0[1]     ; 10.917 ; 10.917 ; 10.917 ; 10.917 ;
; A[3]       ; HEX0[2]     ; 10.927 ; 10.927 ; 10.927 ; 10.927 ;
; A[3]       ; HEX0[3]     ; 10.698 ; 10.698 ; 10.698 ; 10.698 ;
; A[3]       ; HEX0[4]     ; 10.692 ; 10.692 ; 10.692 ; 10.692 ;
; A[3]       ; HEX0[5]     ; 10.700 ; 10.700 ; 10.700 ; 10.700 ;
; A[3]       ; HEX0[6]     ; 10.683 ; 10.683 ; 10.683 ; 10.683 ;
; A[3]       ; HEX1[0]     ; 10.684 ; 10.684 ; 10.684 ; 10.684 ;
; A[3]       ; HEX1[2]     ; 10.996 ; 10.996 ; 10.996 ; 10.996 ;
; A[3]       ; HEX1[3]     ; 10.238 ; 10.238 ; 10.238 ; 10.238 ;
; A[3]       ; HEX1[4]     ; 10.733 ; 10.733 ; 10.733 ; 10.733 ;
; A[3]       ; HEX1[5]     ; 10.309 ; 10.309 ; 10.309 ; 10.309 ;
; A[3]       ; HEX1[6]     ; 7.799  ; 7.799  ; 7.799  ; 7.799  ;
; B[0]       ; HEX0[0]     ; 13.385 ; 13.385 ; 13.385 ; 13.385 ;
; B[0]       ; HEX0[1]     ; 13.332 ; 13.332 ; 13.332 ; 13.332 ;
; B[0]       ; HEX0[2]     ; 13.342 ; 13.342 ; 13.342 ; 13.342 ;
; B[0]       ; HEX0[3]     ; 13.113 ; 13.113 ; 13.113 ; 13.113 ;
; B[0]       ; HEX0[4]     ; 13.107 ; 13.107 ; 13.107 ; 13.107 ;
; B[0]       ; HEX0[5]     ; 13.115 ; 13.115 ; 13.115 ; 13.115 ;
; B[0]       ; HEX0[6]     ; 13.098 ; 13.098 ; 13.098 ; 13.098 ;
; B[0]       ; HEX1[0]     ; 13.099 ; 13.099 ; 13.099 ; 13.099 ;
; B[0]       ; HEX1[2]     ; 13.411 ; 13.411 ; 13.411 ; 13.411 ;
; B[0]       ; HEX1[3]     ; 12.653 ; 12.653 ; 12.653 ; 12.653 ;
; B[0]       ; HEX1[4]     ; 13.148 ; 13.148 ; 13.148 ; 13.148 ;
; B[0]       ; HEX1[5]     ; 12.724 ; 12.724 ; 12.724 ; 12.724 ;
; B[0]       ; HEX1[6]     ; 10.214 ; 10.214 ; 10.214 ; 10.214 ;
; B[1]       ; HEX0[0]     ; 12.779 ; 12.779 ; 12.779 ; 12.779 ;
; B[1]       ; HEX0[1]     ; 12.726 ; 12.726 ; 12.726 ; 12.726 ;
; B[1]       ; HEX0[2]     ; 12.736 ; 12.736 ; 12.736 ; 12.736 ;
; B[1]       ; HEX0[3]     ; 12.507 ; 12.507 ; 12.507 ; 12.507 ;
; B[1]       ; HEX0[4]     ; 12.501 ; 12.501 ; 12.501 ; 12.501 ;
; B[1]       ; HEX0[5]     ; 12.509 ; 12.509 ; 12.509 ; 12.509 ;
; B[1]       ; HEX0[6]     ; 12.492 ; 12.492 ; 12.492 ; 12.492 ;
; B[1]       ; HEX1[0]     ; 12.493 ; 12.493 ; 12.493 ; 12.493 ;
; B[1]       ; HEX1[2]     ; 12.805 ; 12.805 ; 12.805 ; 12.805 ;
; B[1]       ; HEX1[3]     ; 12.047 ; 12.047 ; 12.047 ; 12.047 ;
; B[1]       ; HEX1[4]     ; 12.542 ; 12.542 ; 12.542 ; 12.542 ;
; B[1]       ; HEX1[5]     ; 12.118 ; 12.118 ; 12.118 ; 12.118 ;
; B[1]       ; HEX1[6]     ; 9.608  ; 9.608  ; 9.608  ; 9.608  ;
; B[2]       ; HEX0[0]     ; 12.807 ; 12.807 ; 12.807 ; 12.807 ;
; B[2]       ; HEX0[1]     ; 12.754 ; 12.754 ; 12.754 ; 12.754 ;
; B[2]       ; HEX0[2]     ; 12.764 ; 12.764 ; 12.764 ; 12.764 ;
; B[2]       ; HEX0[3]     ; 12.535 ; 12.535 ; 12.535 ; 12.535 ;
; B[2]       ; HEX0[4]     ; 12.529 ; 12.529 ; 12.529 ; 12.529 ;
; B[2]       ; HEX0[5]     ; 12.537 ; 12.537 ; 12.537 ; 12.537 ;
; B[2]       ; HEX0[6]     ; 12.520 ; 12.520 ; 12.520 ; 12.520 ;
; B[2]       ; HEX1[0]     ; 12.521 ; 12.521 ; 12.521 ; 12.521 ;
; B[2]       ; HEX1[2]     ; 12.833 ; 12.833 ; 12.833 ; 12.833 ;
; B[2]       ; HEX1[3]     ; 12.075 ; 12.075 ; 12.075 ; 12.075 ;
; B[2]       ; HEX1[4]     ; 12.570 ; 12.570 ; 12.570 ; 12.570 ;
; B[2]       ; HEX1[5]     ; 12.146 ; 12.146 ; 12.146 ; 12.146 ;
; B[2]       ; HEX1[6]     ; 9.636  ; 9.636  ; 9.636  ; 9.636  ;
; B[3]       ; HEX0[0]     ; 12.531 ; 12.531 ; 12.531 ; 12.531 ;
; B[3]       ; HEX0[1]     ; 12.478 ; 12.478 ; 12.478 ; 12.478 ;
; B[3]       ; HEX0[2]     ; 12.488 ; 12.488 ; 12.488 ; 12.488 ;
; B[3]       ; HEX0[3]     ; 12.259 ; 12.259 ; 12.259 ; 12.259 ;
; B[3]       ; HEX0[4]     ; 12.253 ; 12.253 ; 12.253 ; 12.253 ;
; B[3]       ; HEX0[5]     ; 12.261 ; 12.261 ; 12.261 ; 12.261 ;
; B[3]       ; HEX0[6]     ; 12.244 ; 12.244 ; 12.244 ; 12.244 ;
; B[3]       ; HEX1[0]     ; 12.245 ; 12.245 ; 12.245 ; 12.245 ;
; B[3]       ; HEX1[2]     ; 12.557 ; 12.557 ; 12.557 ; 12.557 ;
; B[3]       ; HEX1[3]     ; 11.799 ; 11.799 ; 11.799 ; 11.799 ;
; B[3]       ; HEX1[4]     ; 12.294 ; 12.294 ; 12.294 ; 12.294 ;
; B[3]       ; HEX1[5]     ; 11.870 ; 11.870 ; 11.870 ; 11.870 ;
; B[3]       ; HEX1[6]     ; 9.360  ; 9.360  ; 9.360  ; 9.360  ;
; TE         ; HEX0[0]     ; 18.234 ; 18.234 ; 18.234 ; 18.234 ;
; TE         ; HEX0[1]     ; 18.181 ; 18.181 ; 18.181 ; 18.181 ;
; TE         ; HEX0[2]     ; 18.191 ; 18.191 ; 18.191 ; 18.191 ;
; TE         ; HEX0[3]     ; 17.962 ; 17.962 ; 17.962 ; 17.962 ;
; TE         ; HEX0[4]     ; 17.956 ; 17.956 ; 17.956 ; 17.956 ;
; TE         ; HEX0[5]     ; 17.964 ; 17.964 ; 17.964 ; 17.964 ;
; TE         ; HEX0[6]     ; 17.947 ; 17.947 ; 17.947 ; 17.947 ;
; TE         ; HEX1[0]     ; 17.948 ; 17.948 ; 17.948 ; 17.948 ;
; TE         ; HEX1[2]     ; 18.260 ; 18.260 ; 18.260 ; 18.260 ;
; TE         ; HEX1[3]     ; 17.502 ; 17.502 ; 17.502 ; 17.502 ;
; TE         ; HEX1[4]     ; 17.997 ; 17.997 ; 17.997 ; 17.997 ;
; TE         ; HEX1[5]     ; 17.573 ; 17.573 ; 17.573 ; 17.573 ;
; TE         ; HEX1[6]     ; 15.063 ; 15.063 ; 15.063 ; 15.063 ;
+------------+-------------+--------+--------+--------+--------+


+--------------------------------------------------------------+
; Minimum Propagation Delay                                    ;
+------------+-------------+--------+--------+--------+--------+
; Input Port ; Output Port ; RR     ; RF     ; FR     ; FF     ;
+------------+-------------+--------+--------+--------+--------+
; A[0]       ; HEX0[0]     ; 8.178  ; 8.178  ; 8.178  ; 8.178  ;
; A[0]       ; HEX0[1]     ; 8.110  ; 8.110  ; 8.110  ; 8.110  ;
; A[0]       ; HEX0[2]     ; 8.138  ; 8.138  ; 8.138  ; 8.138  ;
; A[0]       ; HEX0[3]     ; 7.904  ; 7.904  ; 7.904  ; 7.904  ;
; A[0]       ; HEX0[4]     ; 7.873  ; 7.873  ; 7.873  ; 7.873  ;
; A[0]       ; HEX0[5]     ; 7.906  ; 7.906  ; 7.906  ; 7.906  ;
; A[0]       ; HEX0[6]     ; 7.887  ; 7.887  ; 7.887  ; 7.887  ;
; A[0]       ; HEX1[0]     ; 11.923 ; 11.923 ; 11.923 ; 11.923 ;
; A[0]       ; HEX1[2]     ; 12.235 ; 12.235 ; 12.235 ; 12.235 ;
; A[0]       ; HEX1[3]     ; 11.477 ; 11.477 ; 11.477 ; 11.477 ;
; A[0]       ; HEX1[4]     ; 11.972 ; 11.972 ; 11.972 ; 11.972 ;
; A[0]       ; HEX1[5]     ; 11.548 ; 11.548 ; 11.548 ; 11.548 ;
; A[0]       ; HEX1[6]     ; 11.084 ; 11.084 ; 11.084 ; 11.084 ;
; A[1]       ; HEX0[0]     ; 9.329  ; 9.329  ; 9.329  ; 9.329  ;
; A[1]       ; HEX0[1]     ; 9.276  ; 9.276  ; 9.276  ; 9.276  ;
; A[1]       ; HEX0[2]     ; 9.289  ; 9.289  ; 9.289  ; 9.289  ;
; A[1]       ; HEX0[3]     ; 9.057  ; 9.057  ; 9.057  ; 9.057  ;
; A[1]       ; HEX0[4]     ; 9.053  ; 9.053  ; 9.053  ; 9.053  ;
; A[1]       ; HEX0[5]     ; 9.060  ; 9.060  ; 9.060  ; 9.060  ;
; A[1]       ; HEX0[6]     ; 9.041  ; 9.041  ; 9.041  ; 9.041  ;
; A[1]       ; HEX1[0]     ; 11.338 ; 11.338 ; 11.338 ; 11.338 ;
; A[1]       ; HEX1[2]     ; 11.650 ; 11.650 ; 11.650 ; 11.650 ;
; A[1]       ; HEX1[3]     ; 10.892 ; 10.892 ; 10.892 ; 10.892 ;
; A[1]       ; HEX1[4]     ; 11.387 ; 11.387 ; 11.387 ; 11.387 ;
; A[1]       ; HEX1[5]     ; 10.963 ; 10.963 ; 10.963 ; 10.963 ;
; A[1]       ; HEX1[6]     ; 10.496 ; 10.496 ; 10.496 ; 10.496 ;
; A[2]       ; HEX0[0]     ; 9.943  ; 9.943  ; 9.943  ; 9.943  ;
; A[2]       ; HEX0[1]     ; 9.890  ; 9.890  ; 9.890  ; 9.890  ;
; A[2]       ; HEX0[2]     ; 9.900  ; 9.900  ; 9.900  ; 9.900  ;
; A[2]       ; HEX0[3]     ; 9.671  ; 9.671  ; 9.671  ; 9.671  ;
; A[2]       ; HEX0[4]     ; 9.665  ; 9.665  ; 9.665  ; 9.665  ;
; A[2]       ; HEX0[5]     ; 9.673  ; 9.673  ; 9.673  ; 9.673  ;
; A[2]       ; HEX0[6]     ; 9.656  ; 9.656  ; 9.656  ; 9.656  ;
; A[2]       ; HEX1[0]     ; 10.406 ; 10.406 ; 10.406 ; 10.406 ;
; A[2]       ; HEX1[2]     ; 10.669 ; 10.669 ; 10.669 ; 10.669 ;
; A[2]       ; HEX1[3]     ; 9.960  ; 9.960  ; 9.960  ; 9.960  ;
; A[2]       ; HEX1[4]     ; 10.600 ; 10.600 ; 10.600 ; 10.600 ;
; A[2]       ; HEX1[5]     ; 10.032 ; 10.032 ; 10.032 ; 10.032 ;
; A[2]       ; HEX1[6]     ; 9.083  ; 9.083  ; 9.083  ; 9.083  ;
; A[3]       ; HEX0[0]     ; 8.533  ; 8.533  ; 8.533  ; 8.533  ;
; A[3]       ; HEX0[1]     ; 8.477  ; 8.477  ; 8.477  ; 8.477  ;
; A[3]       ; HEX0[2]     ; 8.493  ; 8.493  ; 8.493  ; 8.493  ;
; A[3]       ; HEX0[3]     ; 8.259  ; 8.259  ; 8.259  ; 8.259  ;
; A[3]       ; HEX0[4]     ; 8.258  ; 8.258  ; 8.258  ; 8.258  ;
; A[3]       ; HEX0[5]     ; 8.265  ; 8.265  ; 8.265  ; 8.265  ;
; A[3]       ; HEX0[6]     ; 8.238  ; 8.238  ; 8.238  ; 8.238  ;
; A[3]       ; HEX1[0]     ; 9.055  ; 9.055  ; 9.055  ; 9.055  ;
; A[3]       ; HEX1[2]     ; 9.318  ; 9.318  ; 9.318  ; 9.318  ;
; A[3]       ; HEX1[3]     ; 8.609  ; 8.609  ; 8.609  ; 8.609  ;
; A[3]       ; HEX1[4]     ; 9.358  ; 9.358  ; 9.358  ; 9.358  ;
; A[3]       ; HEX1[5]     ; 8.681  ; 8.681  ; 8.681  ; 8.681  ;
; A[3]       ; HEX1[6]     ; 7.732  ; 7.732  ; 7.732  ; 7.732  ;
; B[0]       ; HEX0[0]     ; 7.005  ; 7.005  ; 7.005  ; 7.005  ;
; B[0]       ; HEX0[1]     ; 6.937  ; 6.937  ; 6.937  ; 6.937  ;
; B[0]       ; HEX0[2]     ; 6.965  ; 6.965  ; 6.965  ; 6.965  ;
; B[0]       ; HEX0[3]     ; 6.731  ; 6.731  ; 6.731  ; 6.731  ;
; B[0]       ; HEX0[4]     ; 6.700  ; 6.700  ; 6.700  ; 6.700  ;
; B[0]       ; HEX0[5]     ; 6.733  ; 6.733  ; 6.733  ; 6.733  ;
; B[0]       ; HEX0[6]     ; 6.714  ; 6.714  ; 6.714  ; 6.714  ;
; B[0]       ; HEX1[0]     ; 10.414 ; 10.414 ; 10.414 ; 10.414 ;
; B[0]       ; HEX1[2]     ; 10.726 ; 10.726 ; 10.726 ; 10.726 ;
; B[0]       ; HEX1[3]     ; 9.968  ; 9.968  ; 9.968  ; 9.968  ;
; B[0]       ; HEX1[4]     ; 10.463 ; 10.463 ; 10.463 ; 10.463 ;
; B[0]       ; HEX1[5]     ; 10.039 ; 10.039 ; 10.039 ; 10.039 ;
; B[0]       ; HEX1[6]     ; 9.573  ; 9.573  ; 9.573  ; 9.573  ;
; B[1]       ; HEX0[0]     ; 8.111  ; 8.111  ; 8.111  ; 8.111  ;
; B[1]       ; HEX0[1]     ; 8.058  ; 8.058  ; 8.058  ; 8.058  ;
; B[1]       ; HEX0[2]     ; 8.071  ; 8.071  ; 8.071  ; 8.071  ;
; B[1]       ; HEX0[3]     ; 7.839  ; 7.839  ; 7.839  ; 7.839  ;
; B[1]       ; HEX0[4]     ; 7.835  ; 7.835  ; 7.835  ; 7.835  ;
; B[1]       ; HEX0[5]     ; 7.842  ; 7.842  ; 7.842  ; 7.842  ;
; B[1]       ; HEX0[6]     ; 7.823  ; 7.823  ; 7.823  ; 7.823  ;
; B[1]       ; HEX1[0]     ; 10.120 ; 10.120 ; 10.120 ; 10.120 ;
; B[1]       ; HEX1[2]     ; 10.432 ; 10.432 ; 10.432 ; 10.432 ;
; B[1]       ; HEX1[3]     ; 9.674  ; 9.674  ; 9.674  ; 9.674  ;
; B[1]       ; HEX1[4]     ; 10.169 ; 10.169 ; 10.169 ; 10.169 ;
; B[1]       ; HEX1[5]     ; 9.745  ; 9.745  ; 9.745  ; 9.745  ;
; B[1]       ; HEX1[6]     ; 9.282  ; 9.282  ; 9.282  ; 9.282  ;
; B[2]       ; HEX0[0]     ; 10.179 ; 10.179 ; 10.179 ; 10.179 ;
; B[2]       ; HEX0[1]     ; 10.126 ; 10.126 ; 10.126 ; 10.126 ;
; B[2]       ; HEX0[2]     ; 10.136 ; 10.136 ; 10.136 ; 10.136 ;
; B[2]       ; HEX0[3]     ; 9.907  ; 9.907  ; 9.907  ; 9.907  ;
; B[2]       ; HEX0[4]     ; 9.901  ; 9.901  ; 9.901  ; 9.901  ;
; B[2]       ; HEX0[5]     ; 9.909  ; 9.909  ; 9.909  ; 9.909  ;
; B[2]       ; HEX0[6]     ; 9.892  ; 9.892  ; 9.892  ; 9.892  ;
; B[2]       ; HEX1[0]     ; 10.642 ; 10.642 ; 10.642 ; 10.642 ;
; B[2]       ; HEX1[2]     ; 10.905 ; 10.905 ; 10.905 ; 10.905 ;
; B[2]       ; HEX1[3]     ; 10.196 ; 10.196 ; 10.196 ; 10.196 ;
; B[2]       ; HEX1[4]     ; 10.836 ; 10.836 ; 10.836 ; 10.836 ;
; B[2]       ; HEX1[5]     ; 10.268 ; 10.268 ; 10.268 ; 10.268 ;
; B[2]       ; HEX1[6]     ; 9.319  ; 9.319  ; 9.319  ; 9.319  ;
; B[3]       ; HEX0[0]     ; 10.094 ; 10.094 ; 10.094 ; 10.094 ;
; B[3]       ; HEX0[1]     ; 10.038 ; 10.038 ; 10.038 ; 10.038 ;
; B[3]       ; HEX0[2]     ; 10.054 ; 10.054 ; 10.054 ; 10.054 ;
; B[3]       ; HEX0[3]     ; 9.820  ; 9.820  ; 9.820  ; 9.820  ;
; B[3]       ; HEX0[4]     ; 9.819  ; 9.819  ; 9.819  ; 9.819  ;
; B[3]       ; HEX0[5]     ; 9.826  ; 9.826  ; 9.826  ; 9.826  ;
; B[3]       ; HEX0[6]     ; 9.799  ; 9.799  ; 9.799  ; 9.799  ;
; B[3]       ; HEX1[0]     ; 10.618 ; 10.618 ; 10.618 ; 10.618 ;
; B[3]       ; HEX1[2]     ; 10.881 ; 10.881 ; 10.881 ; 10.881 ;
; B[3]       ; HEX1[3]     ; 10.172 ; 10.172 ; 10.172 ; 10.172 ;
; B[3]       ; HEX1[4]     ; 10.919 ; 10.919 ; 10.919 ; 10.919 ;
; B[3]       ; HEX1[5]     ; 10.244 ; 10.244 ; 10.244 ; 10.244 ;
; B[3]       ; HEX1[6]     ; 9.295  ; 9.295  ; 9.295  ; 9.295  ;
; TE         ; HEX0[0]     ; 13.262 ; 13.262 ; 13.262 ; 13.262 ;
; TE         ; HEX0[1]     ; 13.209 ; 13.209 ; 13.209 ; 13.209 ;
; TE         ; HEX0[2]     ; 13.222 ; 13.222 ; 13.222 ; 13.222 ;
; TE         ; HEX0[3]     ; 12.990 ; 12.990 ; 12.990 ; 12.990 ;
; TE         ; HEX0[4]     ; 12.986 ; 12.986 ; 12.986 ; 12.986 ;
; TE         ; HEX0[5]     ; 12.993 ; 12.993 ; 12.993 ; 12.993 ;
; TE         ; HEX0[6]     ; 12.974 ; 12.974 ; 12.974 ; 12.974 ;
; TE         ; HEX1[0]     ; 13.825 ; 13.825 ; 13.825 ; 13.825 ;
; TE         ; HEX1[2]     ; 14.088 ; 14.088 ; 14.088 ; 14.088 ;
; TE         ; HEX1[3]     ; 13.379 ; 13.379 ; 13.379 ; 13.379 ;
; TE         ; HEX1[4]     ; 13.973 ; 13.973 ; 13.973 ; 13.973 ;
; TE         ; HEX1[5]     ; 13.451 ; 13.451 ; 13.451 ; 13.451 ;
; TE         ; HEX1[6]     ; 12.502 ; 12.502 ; 12.502 ; 12.502 ;
+------------+-------------+--------+--------+--------+--------+


----------------------------
; Fast Model Setup Summary ;
----------------------------
No paths to report.


---------------------------
; Fast Model Hold Summary ;
---------------------------
No paths to report.


-------------------------------
; Fast Model Recovery Summary ;
-------------------------------
No paths to report.


------------------------------
; Fast Model Removal Summary ;
------------------------------
No paths to report.


------------------------------------------
; Fast Model Minimum Pulse Width Summary ;
------------------------------------------
No paths to report.


+----------------------------------------------------------+
; Propagation Delay                                        ;
+------------+-------------+-------+-------+-------+-------+
; Input Port ; Output Port ; RR    ; RF    ; FR    ; FF    ;
+------------+-------------+-------+-------+-------+-------+
; A[0]       ; HEX0[0]     ; 6.938 ; 6.938 ; 6.938 ; 6.938 ;
; A[0]       ; HEX0[1]     ; 6.894 ; 6.894 ; 6.894 ; 6.894 ;
; A[0]       ; HEX0[2]     ; 6.903 ; 6.903 ; 6.903 ; 6.903 ;
; A[0]       ; HEX0[3]     ; 6.805 ; 6.805 ; 6.805 ; 6.805 ;
; A[0]       ; HEX0[4]     ; 6.803 ; 6.803 ; 6.803 ; 6.803 ;
; A[0]       ; HEX0[5]     ; 6.803 ; 6.803 ; 6.803 ; 6.803 ;
; A[0]       ; HEX0[6]     ; 6.793 ; 6.793 ; 6.793 ; 6.793 ;
; A[0]       ; HEX1[0]     ; 6.860 ; 6.860 ; 6.860 ; 6.860 ;
; A[0]       ; HEX1[2]     ; 6.916 ; 6.916 ; 6.916 ; 6.916 ;
; A[0]       ; HEX1[3]     ; 6.606 ; 6.606 ; 6.606 ; 6.606 ;
; A[0]       ; HEX1[4]     ; 6.972 ; 6.972 ; 6.972 ; 6.972 ;
; A[0]       ; HEX1[5]     ; 6.671 ; 6.671 ; 6.671 ; 6.671 ;
; A[0]       ; HEX1[6]     ; 5.580 ; 5.580 ; 5.580 ; 5.580 ;
; A[1]       ; HEX0[0]     ; 6.691 ; 6.691 ; 6.691 ; 6.691 ;
; A[1]       ; HEX0[1]     ; 6.647 ; 6.647 ; 6.647 ; 6.647 ;
; A[1]       ; HEX0[2]     ; 6.656 ; 6.656 ; 6.656 ; 6.656 ;
; A[1]       ; HEX0[3]     ; 6.558 ; 6.558 ; 6.558 ; 6.558 ;
; A[1]       ; HEX0[4]     ; 6.556 ; 6.556 ; 6.556 ; 6.556 ;
; A[1]       ; HEX0[5]     ; 6.556 ; 6.556 ; 6.556 ; 6.556 ;
; A[1]       ; HEX0[6]     ; 6.546 ; 6.546 ; 6.546 ; 6.546 ;
; A[1]       ; HEX1[0]     ; 6.613 ; 6.613 ; 6.613 ; 6.613 ;
; A[1]       ; HEX1[2]     ; 6.669 ; 6.669 ; 6.669 ; 6.669 ;
; A[1]       ; HEX1[3]     ; 6.359 ; 6.359 ; 6.359 ; 6.359 ;
; A[1]       ; HEX1[4]     ; 6.725 ; 6.725 ; 6.725 ; 6.725 ;
; A[1]       ; HEX1[5]     ; 6.424 ; 6.424 ; 6.424 ; 6.424 ;
; A[1]       ; HEX1[6]     ; 5.333 ; 5.333 ; 5.333 ; 5.333 ;
; A[2]       ; HEX0[0]     ; 6.045 ; 6.045 ; 6.045 ; 6.045 ;
; A[2]       ; HEX0[1]     ; 6.001 ; 6.001 ; 6.001 ; 6.001 ;
; A[2]       ; HEX0[2]     ; 6.010 ; 6.010 ; 6.010 ; 6.010 ;
; A[2]       ; HEX0[3]     ; 5.912 ; 5.912 ; 5.912 ; 5.912 ;
; A[2]       ; HEX0[4]     ; 5.910 ; 5.910 ; 5.910 ; 5.910 ;
; A[2]       ; HEX0[5]     ; 5.910 ; 5.910 ; 5.910 ; 5.910 ;
; A[2]       ; HEX0[6]     ; 5.900 ; 5.900 ; 5.900 ; 5.900 ;
; A[2]       ; HEX1[0]     ; 5.967 ; 5.967 ; 5.967 ; 5.967 ;
; A[2]       ; HEX1[2]     ; 6.023 ; 6.023 ; 6.023 ; 6.023 ;
; A[2]       ; HEX1[3]     ; 5.713 ; 5.713 ; 5.713 ; 5.713 ;
; A[2]       ; HEX1[4]     ; 6.079 ; 6.079 ; 6.079 ; 6.079 ;
; A[2]       ; HEX1[5]     ; 5.778 ; 5.778 ; 5.778 ; 5.778 ;
; A[2]       ; HEX1[6]     ; 4.687 ; 4.687 ; 4.687 ; 4.687 ;
; A[3]       ; HEX0[0]     ; 5.218 ; 5.218 ; 5.218 ; 5.218 ;
; A[3]       ; HEX0[1]     ; 5.174 ; 5.174 ; 5.174 ; 5.174 ;
; A[3]       ; HEX0[2]     ; 5.183 ; 5.183 ; 5.183 ; 5.183 ;
; A[3]       ; HEX0[3]     ; 5.085 ; 5.085 ; 5.085 ; 5.085 ;
; A[3]       ; HEX0[4]     ; 5.083 ; 5.083 ; 5.083 ; 5.083 ;
; A[3]       ; HEX0[5]     ; 5.083 ; 5.083 ; 5.083 ; 5.083 ;
; A[3]       ; HEX0[6]     ; 5.073 ; 5.073 ; 5.073 ; 5.073 ;
; A[3]       ; HEX1[0]     ; 5.140 ; 5.140 ; 5.140 ; 5.140 ;
; A[3]       ; HEX1[2]     ; 5.196 ; 5.196 ; 5.196 ; 5.196 ;
; A[3]       ; HEX1[3]     ; 4.886 ; 4.886 ; 4.886 ; 4.886 ;
; A[3]       ; HEX1[4]     ; 5.252 ; 5.252 ; 5.252 ; 5.252 ;
; A[3]       ; HEX1[5]     ; 4.951 ; 4.951 ; 4.951 ; 4.951 ;
; A[3]       ; HEX1[6]     ; 3.860 ; 3.860 ; 3.860 ; 3.860 ;
; B[0]       ; HEX0[0]     ; 6.260 ; 6.260 ; 6.260 ; 6.260 ;
; B[0]       ; HEX0[1]     ; 6.216 ; 6.216 ; 6.216 ; 6.216 ;
; B[0]       ; HEX0[2]     ; 6.225 ; 6.225 ; 6.225 ; 6.225 ;
; B[0]       ; HEX0[3]     ; 6.127 ; 6.127 ; 6.127 ; 6.127 ;
; B[0]       ; HEX0[4]     ; 6.125 ; 6.125 ; 6.125 ; 6.125 ;
; B[0]       ; HEX0[5]     ; 6.125 ; 6.125 ; 6.125 ; 6.125 ;
; B[0]       ; HEX0[6]     ; 6.115 ; 6.115 ; 6.115 ; 6.115 ;
; B[0]       ; HEX1[0]     ; 6.182 ; 6.182 ; 6.182 ; 6.182 ;
; B[0]       ; HEX1[2]     ; 6.238 ; 6.238 ; 6.238 ; 6.238 ;
; B[0]       ; HEX1[3]     ; 5.928 ; 5.928 ; 5.928 ; 5.928 ;
; B[0]       ; HEX1[4]     ; 6.294 ; 6.294 ; 6.294 ; 6.294 ;
; B[0]       ; HEX1[5]     ; 5.993 ; 5.993 ; 5.993 ; 5.993 ;
; B[0]       ; HEX1[6]     ; 4.902 ; 4.902 ; 4.902 ; 4.902 ;
; B[1]       ; HEX0[0]     ; 5.995 ; 5.995 ; 5.995 ; 5.995 ;
; B[1]       ; HEX0[1]     ; 5.951 ; 5.951 ; 5.951 ; 5.951 ;
; B[1]       ; HEX0[2]     ; 5.960 ; 5.960 ; 5.960 ; 5.960 ;
; B[1]       ; HEX0[3]     ; 5.862 ; 5.862 ; 5.862 ; 5.862 ;
; B[1]       ; HEX0[4]     ; 5.860 ; 5.860 ; 5.860 ; 5.860 ;
; B[1]       ; HEX0[5]     ; 5.860 ; 5.860 ; 5.860 ; 5.860 ;
; B[1]       ; HEX0[6]     ; 5.850 ; 5.850 ; 5.850 ; 5.850 ;
; B[1]       ; HEX1[0]     ; 5.917 ; 5.917 ; 5.917 ; 5.917 ;
; B[1]       ; HEX1[2]     ; 5.973 ; 5.973 ; 5.973 ; 5.973 ;
; B[1]       ; HEX1[3]     ; 5.663 ; 5.663 ; 5.663 ; 5.663 ;
; B[1]       ; HEX1[4]     ; 6.029 ; 6.029 ; 6.029 ; 6.029 ;
; B[1]       ; HEX1[5]     ; 5.728 ; 5.728 ; 5.728 ; 5.728 ;
; B[1]       ; HEX1[6]     ; 4.637 ; 4.637 ; 4.637 ; 4.637 ;
; B[2]       ; HEX0[0]     ; 6.227 ; 6.227 ; 6.227 ; 6.227 ;
; B[2]       ; HEX0[1]     ; 6.183 ; 6.183 ; 6.183 ; 6.183 ;
; B[2]       ; HEX0[2]     ; 6.192 ; 6.192 ; 6.192 ; 6.192 ;
; B[2]       ; HEX0[3]     ; 6.094 ; 6.094 ; 6.094 ; 6.094 ;
; B[2]       ; HEX0[4]     ; 6.092 ; 6.092 ; 6.092 ; 6.092 ;
; B[2]       ; HEX0[5]     ; 6.092 ; 6.092 ; 6.092 ; 6.092 ;
; B[2]       ; HEX0[6]     ; 6.082 ; 6.082 ; 6.082 ; 6.082 ;
; B[2]       ; HEX1[0]     ; 6.149 ; 6.149 ; 6.149 ; 6.149 ;
; B[2]       ; HEX1[2]     ; 6.205 ; 6.205 ; 6.205 ; 6.205 ;
; B[2]       ; HEX1[3]     ; 5.895 ; 5.895 ; 5.895 ; 5.895 ;
; B[2]       ; HEX1[4]     ; 6.261 ; 6.261 ; 6.261 ; 6.261 ;
; B[2]       ; HEX1[5]     ; 5.960 ; 5.960 ; 5.960 ; 5.960 ;
; B[2]       ; HEX1[6]     ; 4.869 ; 4.869 ; 4.869 ; 4.869 ;
; B[3]       ; HEX0[0]     ; 6.155 ; 6.155 ; 6.155 ; 6.155 ;
; B[3]       ; HEX0[1]     ; 6.111 ; 6.111 ; 6.111 ; 6.111 ;
; B[3]       ; HEX0[2]     ; 6.120 ; 6.120 ; 6.120 ; 6.120 ;
; B[3]       ; HEX0[3]     ; 6.022 ; 6.022 ; 6.022 ; 6.022 ;
; B[3]       ; HEX0[4]     ; 6.020 ; 6.020 ; 6.020 ; 6.020 ;
; B[3]       ; HEX0[5]     ; 6.020 ; 6.020 ; 6.020 ; 6.020 ;
; B[3]       ; HEX0[6]     ; 6.010 ; 6.010 ; 6.010 ; 6.010 ;
; B[3]       ; HEX1[0]     ; 6.077 ; 6.077 ; 6.077 ; 6.077 ;
; B[3]       ; HEX1[2]     ; 6.133 ; 6.133 ; 6.133 ; 6.133 ;
; B[3]       ; HEX1[3]     ; 5.823 ; 5.823 ; 5.823 ; 5.823 ;
; B[3]       ; HEX1[4]     ; 6.189 ; 6.189 ; 6.189 ; 6.189 ;
; B[3]       ; HEX1[5]     ; 5.888 ; 5.888 ; 5.888 ; 5.888 ;
; B[3]       ; HEX1[6]     ; 4.797 ; 4.797 ; 4.797 ; 4.797 ;
; TE         ; HEX0[0]     ; 9.213 ; 9.213 ; 9.213 ; 9.213 ;
; TE         ; HEX0[1]     ; 9.169 ; 9.169 ; 9.169 ; 9.169 ;
; TE         ; HEX0[2]     ; 9.178 ; 9.178 ; 9.178 ; 9.178 ;
; TE         ; HEX0[3]     ; 9.080 ; 9.080 ; 9.080 ; 9.080 ;
; TE         ; HEX0[4]     ; 9.078 ; 9.078 ; 9.078 ; 9.078 ;
; TE         ; HEX0[5]     ; 9.078 ; 9.078 ; 9.078 ; 9.078 ;
; TE         ; HEX0[6]     ; 9.068 ; 9.068 ; 9.068 ; 9.068 ;
; TE         ; HEX1[0]     ; 9.135 ; 9.135 ; 9.135 ; 9.135 ;
; TE         ; HEX1[2]     ; 9.191 ; 9.191 ; 9.191 ; 9.191 ;
; TE         ; HEX1[3]     ; 8.881 ; 8.881 ; 8.881 ; 8.881 ;
; TE         ; HEX1[4]     ; 9.247 ; 9.247 ; 9.247 ; 9.247 ;
; TE         ; HEX1[5]     ; 8.946 ; 8.946 ; 8.946 ; 8.946 ;
; TE         ; HEX1[6]     ; 7.855 ; 7.855 ; 7.855 ; 7.855 ;
+------------+-------------+-------+-------+-------+-------+


+----------------------------------------------------------+
; Minimum Propagation Delay                                ;
+------------+-------------+-------+-------+-------+-------+
; Input Port ; Output Port ; RR    ; RF    ; FR    ; FF    ;
+------------+-------------+-------+-------+-------+-------+
; A[0]       ; HEX0[0]     ; 4.226 ; 4.226 ; 4.226 ; 4.226 ;
; A[0]       ; HEX0[1]     ; 4.170 ; 4.170 ; 4.170 ; 4.170 ;
; A[0]       ; HEX0[2]     ; 4.193 ; 4.193 ; 4.193 ; 4.193 ;
; A[0]       ; HEX0[3]     ; 4.092 ; 4.092 ; 4.092 ; 4.092 ;
; A[0]       ; HEX0[4]     ; 4.094 ; 4.094 ; 4.094 ; 4.094 ;
; A[0]       ; HEX0[5]     ; 4.093 ; 4.093 ; 4.093 ; 4.093 ;
; A[0]       ; HEX0[6]     ; 4.079 ; 4.079 ; 4.079 ; 4.079 ;
; A[0]       ; HEX1[0]     ; 5.846 ; 5.846 ; 5.846 ; 5.846 ;
; A[0]       ; HEX1[2]     ; 5.902 ; 5.902 ; 5.902 ; 5.902 ;
; A[0]       ; HEX1[3]     ; 5.592 ; 5.592 ; 5.592 ; 5.592 ;
; A[0]       ; HEX1[4]     ; 5.958 ; 5.958 ; 5.958 ; 5.958 ;
; A[0]       ; HEX1[5]     ; 5.657 ; 5.657 ; 5.657 ; 5.657 ;
; A[0]       ; HEX1[6]     ; 5.447 ; 5.447 ; 5.447 ; 5.447 ;
; A[1]       ; HEX0[0]     ; 4.717 ; 4.717 ; 4.717 ; 4.717 ;
; A[1]       ; HEX0[1]     ; 4.674 ; 4.674 ; 4.674 ; 4.674 ;
; A[1]       ; HEX0[2]     ; 4.681 ; 4.681 ; 4.681 ; 4.681 ;
; A[1]       ; HEX0[3]     ; 4.585 ; 4.585 ; 4.585 ; 4.585 ;
; A[1]       ; HEX0[4]     ; 4.582 ; 4.582 ; 4.582 ; 4.582 ;
; A[1]       ; HEX0[5]     ; 4.582 ; 4.582 ; 4.582 ; 4.582 ;
; A[1]       ; HEX0[6]     ; 4.573 ; 4.573 ; 4.573 ; 4.573 ;
; A[1]       ; HEX1[0]     ; 5.598 ; 5.598 ; 5.598 ; 5.598 ;
; A[1]       ; HEX1[2]     ; 5.654 ; 5.654 ; 5.654 ; 5.654 ;
; A[1]       ; HEX1[3]     ; 5.344 ; 5.344 ; 5.344 ; 5.344 ;
; A[1]       ; HEX1[4]     ; 5.710 ; 5.710 ; 5.710 ; 5.710 ;
; A[1]       ; HEX1[5]     ; 5.409 ; 5.409 ; 5.409 ; 5.409 ;
; A[1]       ; HEX1[6]     ; 5.200 ; 5.200 ; 5.200 ; 5.200 ;
; A[2]       ; HEX0[0]     ; 4.963 ; 4.963 ; 4.963 ; 4.963 ;
; A[2]       ; HEX0[1]     ; 4.919 ; 4.919 ; 4.919 ; 4.919 ;
; A[2]       ; HEX0[2]     ; 4.928 ; 4.928 ; 4.928 ; 4.928 ;
; A[2]       ; HEX0[3]     ; 4.830 ; 4.830 ; 4.830 ; 4.830 ;
; A[2]       ; HEX0[4]     ; 4.828 ; 4.828 ; 4.828 ; 4.828 ;
; A[2]       ; HEX0[5]     ; 4.828 ; 4.828 ; 4.828 ; 4.828 ;
; A[2]       ; HEX0[6]     ; 4.818 ; 4.818 ; 4.818 ; 4.818 ;
; A[2]       ; HEX1[0]     ; 5.177 ; 5.177 ; 5.177 ; 5.177 ;
; A[2]       ; HEX1[2]     ; 5.228 ; 5.228 ; 5.228 ; 5.228 ;
; A[2]       ; HEX1[3]     ; 4.923 ; 4.923 ; 4.923 ; 4.923 ;
; A[2]       ; HEX1[4]     ; 5.352 ; 5.352 ; 5.352 ; 5.352 ;
; A[2]       ; HEX1[5]     ; 4.961 ; 4.961 ; 4.961 ; 4.961 ;
; A[2]       ; HEX1[6]     ; 4.555 ; 4.555 ; 4.555 ; 4.555 ;
; A[3]       ; HEX0[0]     ; 4.210 ; 4.210 ; 4.210 ; 4.210 ;
; A[3]       ; HEX0[1]     ; 4.162 ; 4.162 ; 4.162 ; 4.162 ;
; A[3]       ; HEX0[2]     ; 4.172 ; 4.172 ; 4.172 ; 4.172 ;
; A[3]       ; HEX0[3]     ; 4.075 ; 4.075 ; 4.075 ; 4.075 ;
; A[3]       ; HEX0[4]     ; 4.073 ; 4.073 ; 4.073 ; 4.073 ;
; A[3]       ; HEX0[5]     ; 4.072 ; 4.072 ; 4.072 ; 4.072 ;
; A[3]       ; HEX0[6]     ; 4.061 ; 4.061 ; 4.061 ; 4.061 ;
; A[3]       ; HEX1[0]     ; 4.454 ; 4.454 ; 4.454 ; 4.454 ;
; A[3]       ; HEX1[2]     ; 4.505 ; 4.505 ; 4.505 ; 4.505 ;
; A[3]       ; HEX1[3]     ; 4.200 ; 4.200 ; 4.200 ; 4.200 ;
; A[3]       ; HEX1[4]     ; 4.666 ; 4.666 ; 4.666 ; 4.666 ;
; A[3]       ; HEX1[5]     ; 4.238 ; 4.238 ; 4.238 ; 4.238 ;
; A[3]       ; HEX1[6]     ; 3.832 ; 3.832 ; 3.832 ; 3.832 ;
; B[0]       ; HEX0[0]     ; 3.544 ; 3.544 ; 3.544 ; 3.544 ;
; B[0]       ; HEX0[1]     ; 3.488 ; 3.488 ; 3.488 ; 3.488 ;
; B[0]       ; HEX0[2]     ; 3.511 ; 3.511 ; 3.511 ; 3.511 ;
; B[0]       ; HEX0[3]     ; 3.410 ; 3.410 ; 3.410 ; 3.410 ;
; B[0]       ; HEX0[4]     ; 3.412 ; 3.412 ; 3.412 ; 3.412 ;
; B[0]       ; HEX0[5]     ; 3.411 ; 3.411 ; 3.411 ; 3.411 ;
; B[0]       ; HEX0[6]     ; 3.397 ; 3.397 ; 3.397 ; 3.397 ;
; B[0]       ; HEX1[0]     ; 5.030 ; 5.030 ; 5.030 ; 5.030 ;
; B[0]       ; HEX1[2]     ; 5.086 ; 5.086 ; 5.086 ; 5.086 ;
; B[0]       ; HEX1[3]     ; 4.776 ; 4.776 ; 4.776 ; 4.776 ;
; B[0]       ; HEX1[4]     ; 5.142 ; 5.142 ; 5.142 ; 5.142 ;
; B[0]       ; HEX1[5]     ; 4.841 ; 4.841 ; 4.841 ; 4.841 ;
; B[0]       ; HEX1[6]     ; 4.629 ; 4.629 ; 4.629 ; 4.629 ;
; B[1]       ; HEX0[0]     ; 4.020 ; 4.020 ; 4.020 ; 4.020 ;
; B[1]       ; HEX0[1]     ; 3.977 ; 3.977 ; 3.977 ; 3.977 ;
; B[1]       ; HEX0[2]     ; 3.984 ; 3.984 ; 3.984 ; 3.984 ;
; B[1]       ; HEX0[3]     ; 3.888 ; 3.888 ; 3.888 ; 3.888 ;
; B[1]       ; HEX0[4]     ; 3.885 ; 3.885 ; 3.885 ; 3.885 ;
; B[1]       ; HEX0[5]     ; 3.885 ; 3.885 ; 3.885 ; 3.885 ;
; B[1]       ; HEX0[6]     ; 3.876 ; 3.876 ; 3.876 ; 3.876 ;
; B[1]       ; HEX1[0]     ; 4.901 ; 4.901 ; 4.901 ; 4.901 ;
; B[1]       ; HEX1[2]     ; 4.957 ; 4.957 ; 4.957 ; 4.957 ;
; B[1]       ; HEX1[3]     ; 4.647 ; 4.647 ; 4.647 ; 4.647 ;
; B[1]       ; HEX1[4]     ; 5.013 ; 5.013 ; 5.013 ; 5.013 ;
; B[1]       ; HEX1[5]     ; 4.712 ; 4.712 ; 4.712 ; 4.712 ;
; B[1]       ; HEX1[6]     ; 4.504 ; 4.504 ; 4.504 ; 4.504 ;
; B[2]       ; HEX0[0]     ; 5.151 ; 5.151 ; 5.151 ; 5.151 ;
; B[2]       ; HEX0[1]     ; 5.107 ; 5.107 ; 5.107 ; 5.107 ;
; B[2]       ; HEX0[2]     ; 5.116 ; 5.116 ; 5.116 ; 5.116 ;
; B[2]       ; HEX0[3]     ; 5.018 ; 5.018 ; 5.018 ; 5.018 ;
; B[2]       ; HEX0[4]     ; 5.016 ; 5.016 ; 5.016 ; 5.016 ;
; B[2]       ; HEX0[5]     ; 5.016 ; 5.016 ; 5.016 ; 5.016 ;
; B[2]       ; HEX0[6]     ; 5.006 ; 5.006 ; 5.006 ; 5.006 ;
; B[2]       ; HEX1[0]     ; 5.365 ; 5.365 ; 5.365 ; 5.365 ;
; B[2]       ; HEX1[2]     ; 5.416 ; 5.416 ; 5.416 ; 5.416 ;
; B[2]       ; HEX1[3]     ; 5.111 ; 5.111 ; 5.111 ; 5.111 ;
; B[2]       ; HEX1[4]     ; 5.540 ; 5.540 ; 5.540 ; 5.540 ;
; B[2]       ; HEX1[5]     ; 5.149 ; 5.149 ; 5.149 ; 5.149 ;
; B[2]       ; HEX1[6]     ; 4.743 ; 4.743 ; 4.743 ; 4.743 ;
; B[3]       ; HEX0[0]     ; 5.147 ; 5.147 ; 5.147 ; 5.147 ;
; B[3]       ; HEX0[1]     ; 5.099 ; 5.099 ; 5.099 ; 5.099 ;
; B[3]       ; HEX0[2]     ; 5.109 ; 5.109 ; 5.109 ; 5.109 ;
; B[3]       ; HEX0[3]     ; 5.012 ; 5.012 ; 5.012 ; 5.012 ;
; B[3]       ; HEX0[4]     ; 5.010 ; 5.010 ; 5.010 ; 5.010 ;
; B[3]       ; HEX0[5]     ; 5.009 ; 5.009 ; 5.009 ; 5.009 ;
; B[3]       ; HEX0[6]     ; 4.998 ; 4.998 ; 4.998 ; 4.998 ;
; B[3]       ; HEX1[0]     ; 5.391 ; 5.391 ; 5.391 ; 5.391 ;
; B[3]       ; HEX1[2]     ; 5.442 ; 5.442 ; 5.442 ; 5.442 ;
; B[3]       ; HEX1[3]     ; 5.137 ; 5.137 ; 5.137 ; 5.137 ;
; B[3]       ; HEX1[4]     ; 5.603 ; 5.603 ; 5.603 ; 5.603 ;
; B[3]       ; HEX1[5]     ; 5.175 ; 5.175 ; 5.175 ; 5.175 ;
; B[3]       ; HEX1[6]     ; 4.769 ; 4.769 ; 4.769 ; 4.769 ;
; TE         ; HEX0[0]     ; 7.093 ; 7.093 ; 7.093 ; 7.093 ;
; TE         ; HEX0[1]     ; 7.050 ; 7.050 ; 7.050 ; 7.050 ;
; TE         ; HEX0[2]     ; 7.057 ; 7.057 ; 7.057 ; 7.057 ;
; TE         ; HEX0[3]     ; 6.961 ; 6.961 ; 6.961 ; 6.961 ;
; TE         ; HEX0[4]     ; 6.958 ; 6.958 ; 6.958 ; 6.958 ;
; TE         ; HEX0[5]     ; 6.958 ; 6.958 ; 6.958 ; 6.958 ;
; TE         ; HEX0[6]     ; 6.949 ; 6.949 ; 6.949 ; 6.949 ;
; TE         ; HEX1[0]     ; 7.376 ; 7.376 ; 7.376 ; 7.376 ;
; TE         ; HEX1[2]     ; 7.427 ; 7.427 ; 7.427 ; 7.427 ;
; TE         ; HEX1[3]     ; 7.122 ; 7.122 ; 7.122 ; 7.122 ;
; TE         ; HEX1[4]     ; 7.532 ; 7.532 ; 7.532 ; 7.532 ;
; TE         ; HEX1[5]     ; 7.160 ; 7.160 ; 7.160 ; 7.160 ;
; TE         ; HEX1[6]     ; 6.754 ; 6.754 ; 6.754 ; 6.754 ;
+------------+-------------+-------+-------+-------+-------+


+----------------------------------------------------------------------------+
; Multicorner Timing Analysis Summary                                        ;
+------------------+-------+------+----------+---------+---------------------+
; Clock            ; Setup ; Hold ; Recovery ; Removal ; Minimum Pulse Width ;
+------------------+-------+------+----------+---------+---------------------+
; Worst-case Slack ; N/A   ; N/A  ; N/A      ; N/A     ; N/A                 ;
; Design-wide TNS  ; 0.0   ; 0.0  ; 0.0      ; 0.0     ; 0.0                 ;
+------------------+-------+------+----------+---------+---------------------+


+--------------------------------------------------------------+
; Progagation Delay                                            ;
+------------+-------------+--------+--------+--------+--------+
; Input Port ; Output Port ; RR     ; RF     ; FR     ; FF     ;
+------------+-------------+--------+--------+--------+--------+
; A[0]       ; HEX0[0]     ; 14.581 ; 14.581 ; 14.581 ; 14.581 ;
; A[0]       ; HEX0[1]     ; 14.528 ; 14.528 ; 14.528 ; 14.528 ;
; A[0]       ; HEX0[2]     ; 14.538 ; 14.538 ; 14.538 ; 14.538 ;
; A[0]       ; HEX0[3]     ; 14.309 ; 14.309 ; 14.309 ; 14.309 ;
; A[0]       ; HEX0[4]     ; 14.303 ; 14.303 ; 14.303 ; 14.303 ;
; A[0]       ; HEX0[5]     ; 14.311 ; 14.311 ; 14.311 ; 14.311 ;
; A[0]       ; HEX0[6]     ; 14.294 ; 14.294 ; 14.294 ; 14.294 ;
; A[0]       ; HEX1[0]     ; 14.295 ; 14.295 ; 14.295 ; 14.295 ;
; A[0]       ; HEX1[2]     ; 14.607 ; 14.607 ; 14.607 ; 14.607 ;
; A[0]       ; HEX1[3]     ; 13.849 ; 13.849 ; 13.849 ; 13.849 ;
; A[0]       ; HEX1[4]     ; 14.344 ; 14.344 ; 14.344 ; 14.344 ;
; A[0]       ; HEX1[5]     ; 13.920 ; 13.920 ; 13.920 ; 13.920 ;
; A[0]       ; HEX1[6]     ; 11.410 ; 11.410 ; 11.410 ; 11.410 ;
; A[1]       ; HEX0[0]     ; 13.993 ; 13.993 ; 13.993 ; 13.993 ;
; A[1]       ; HEX0[1]     ; 13.940 ; 13.940 ; 13.940 ; 13.940 ;
; A[1]       ; HEX0[2]     ; 13.950 ; 13.950 ; 13.950 ; 13.950 ;
; A[1]       ; HEX0[3]     ; 13.721 ; 13.721 ; 13.721 ; 13.721 ;
; A[1]       ; HEX0[4]     ; 13.715 ; 13.715 ; 13.715 ; 13.715 ;
; A[1]       ; HEX0[5]     ; 13.723 ; 13.723 ; 13.723 ; 13.723 ;
; A[1]       ; HEX0[6]     ; 13.706 ; 13.706 ; 13.706 ; 13.706 ;
; A[1]       ; HEX1[0]     ; 13.707 ; 13.707 ; 13.707 ; 13.707 ;
; A[1]       ; HEX1[2]     ; 14.019 ; 14.019 ; 14.019 ; 14.019 ;
; A[1]       ; HEX1[3]     ; 13.261 ; 13.261 ; 13.261 ; 13.261 ;
; A[1]       ; HEX1[4]     ; 13.756 ; 13.756 ; 13.756 ; 13.756 ;
; A[1]       ; HEX1[5]     ; 13.332 ; 13.332 ; 13.332 ; 13.332 ;
; A[1]       ; HEX1[6]     ; 10.822 ; 10.822 ; 10.822 ; 10.822 ;
; A[2]       ; HEX0[0]     ; 12.579 ; 12.579 ; 12.579 ; 12.579 ;
; A[2]       ; HEX0[1]     ; 12.526 ; 12.526 ; 12.526 ; 12.526 ;
; A[2]       ; HEX0[2]     ; 12.536 ; 12.536 ; 12.536 ; 12.536 ;
; A[2]       ; HEX0[3]     ; 12.307 ; 12.307 ; 12.307 ; 12.307 ;
; A[2]       ; HEX0[4]     ; 12.301 ; 12.301 ; 12.301 ; 12.301 ;
; A[2]       ; HEX0[5]     ; 12.309 ; 12.309 ; 12.309 ; 12.309 ;
; A[2]       ; HEX0[6]     ; 12.292 ; 12.292 ; 12.292 ; 12.292 ;
; A[2]       ; HEX1[0]     ; 12.293 ; 12.293 ; 12.293 ; 12.293 ;
; A[2]       ; HEX1[2]     ; 12.605 ; 12.605 ; 12.605 ; 12.605 ;
; A[2]       ; HEX1[3]     ; 11.847 ; 11.847 ; 11.847 ; 11.847 ;
; A[2]       ; HEX1[4]     ; 12.342 ; 12.342 ; 12.342 ; 12.342 ;
; A[2]       ; HEX1[5]     ; 11.918 ; 11.918 ; 11.918 ; 11.918 ;
; A[2]       ; HEX1[6]     ; 9.408  ; 9.408  ; 9.408  ; 9.408  ;
; A[3]       ; HEX0[0]     ; 10.970 ; 10.970 ; 10.970 ; 10.970 ;
; A[3]       ; HEX0[1]     ; 10.917 ; 10.917 ; 10.917 ; 10.917 ;
; A[3]       ; HEX0[2]     ; 10.927 ; 10.927 ; 10.927 ; 10.927 ;
; A[3]       ; HEX0[3]     ; 10.698 ; 10.698 ; 10.698 ; 10.698 ;
; A[3]       ; HEX0[4]     ; 10.692 ; 10.692 ; 10.692 ; 10.692 ;
; A[3]       ; HEX0[5]     ; 10.700 ; 10.700 ; 10.700 ; 10.700 ;
; A[3]       ; HEX0[6]     ; 10.683 ; 10.683 ; 10.683 ; 10.683 ;
; A[3]       ; HEX1[0]     ; 10.684 ; 10.684 ; 10.684 ; 10.684 ;
; A[3]       ; HEX1[2]     ; 10.996 ; 10.996 ; 10.996 ; 10.996 ;
; A[3]       ; HEX1[3]     ; 10.238 ; 10.238 ; 10.238 ; 10.238 ;
; A[3]       ; HEX1[4]     ; 10.733 ; 10.733 ; 10.733 ; 10.733 ;
; A[3]       ; HEX1[5]     ; 10.309 ; 10.309 ; 10.309 ; 10.309 ;
; A[3]       ; HEX1[6]     ; 7.799  ; 7.799  ; 7.799  ; 7.799  ;
; B[0]       ; HEX0[0]     ; 13.385 ; 13.385 ; 13.385 ; 13.385 ;
; B[0]       ; HEX0[1]     ; 13.332 ; 13.332 ; 13.332 ; 13.332 ;
; B[0]       ; HEX0[2]     ; 13.342 ; 13.342 ; 13.342 ; 13.342 ;
; B[0]       ; HEX0[3]     ; 13.113 ; 13.113 ; 13.113 ; 13.113 ;
; B[0]       ; HEX0[4]     ; 13.107 ; 13.107 ; 13.107 ; 13.107 ;
; B[0]       ; HEX0[5]     ; 13.115 ; 13.115 ; 13.115 ; 13.115 ;
; B[0]       ; HEX0[6]     ; 13.098 ; 13.098 ; 13.098 ; 13.098 ;
; B[0]       ; HEX1[0]     ; 13.099 ; 13.099 ; 13.099 ; 13.099 ;
; B[0]       ; HEX1[2]     ; 13.411 ; 13.411 ; 13.411 ; 13.411 ;
; B[0]       ; HEX1[3]     ; 12.653 ; 12.653 ; 12.653 ; 12.653 ;
; B[0]       ; HEX1[4]     ; 13.148 ; 13.148 ; 13.148 ; 13.148 ;
; B[0]       ; HEX1[5]     ; 12.724 ; 12.724 ; 12.724 ; 12.724 ;
; B[0]       ; HEX1[6]     ; 10.214 ; 10.214 ; 10.214 ; 10.214 ;
; B[1]       ; HEX0[0]     ; 12.779 ; 12.779 ; 12.779 ; 12.779 ;
; B[1]       ; HEX0[1]     ; 12.726 ; 12.726 ; 12.726 ; 12.726 ;
; B[1]       ; HEX0[2]     ; 12.736 ; 12.736 ; 12.736 ; 12.736 ;
; B[1]       ; HEX0[3]     ; 12.507 ; 12.507 ; 12.507 ; 12.507 ;
; B[1]       ; HEX0[4]     ; 12.501 ; 12.501 ; 12.501 ; 12.501 ;
; B[1]       ; HEX0[5]     ; 12.509 ; 12.509 ; 12.509 ; 12.509 ;
; B[1]       ; HEX0[6]     ; 12.492 ; 12.492 ; 12.492 ; 12.492 ;
; B[1]       ; HEX1[0]     ; 12.493 ; 12.493 ; 12.493 ; 12.493 ;
; B[1]       ; HEX1[2]     ; 12.805 ; 12.805 ; 12.805 ; 12.805 ;
; B[1]       ; HEX1[3]     ; 12.047 ; 12.047 ; 12.047 ; 12.047 ;
; B[1]       ; HEX1[4]     ; 12.542 ; 12.542 ; 12.542 ; 12.542 ;
; B[1]       ; HEX1[5]     ; 12.118 ; 12.118 ; 12.118 ; 12.118 ;
; B[1]       ; HEX1[6]     ; 9.608  ; 9.608  ; 9.608  ; 9.608  ;
; B[2]       ; HEX0[0]     ; 12.807 ; 12.807 ; 12.807 ; 12.807 ;
; B[2]       ; HEX0[1]     ; 12.754 ; 12.754 ; 12.754 ; 12.754 ;
; B[2]       ; HEX0[2]     ; 12.764 ; 12.764 ; 12.764 ; 12.764 ;
; B[2]       ; HEX0[3]     ; 12.535 ; 12.535 ; 12.535 ; 12.535 ;
; B[2]       ; HEX0[4]     ; 12.529 ; 12.529 ; 12.529 ; 12.529 ;
; B[2]       ; HEX0[5]     ; 12.537 ; 12.537 ; 12.537 ; 12.537 ;
; B[2]       ; HEX0[6]     ; 12.520 ; 12.520 ; 12.520 ; 12.520 ;
; B[2]       ; HEX1[0]     ; 12.521 ; 12.521 ; 12.521 ; 12.521 ;
; B[2]       ; HEX1[2]     ; 12.833 ; 12.833 ; 12.833 ; 12.833 ;
; B[2]       ; HEX1[3]     ; 12.075 ; 12.075 ; 12.075 ; 12.075 ;
; B[2]       ; HEX1[4]     ; 12.570 ; 12.570 ; 12.570 ; 12.570 ;
; B[2]       ; HEX1[5]     ; 12.146 ; 12.146 ; 12.146 ; 12.146 ;
; B[2]       ; HEX1[6]     ; 9.636  ; 9.636  ; 9.636  ; 9.636  ;
; B[3]       ; HEX0[0]     ; 12.531 ; 12.531 ; 12.531 ; 12.531 ;
; B[3]       ; HEX0[1]     ; 12.478 ; 12.478 ; 12.478 ; 12.478 ;
; B[3]       ; HEX0[2]     ; 12.488 ; 12.488 ; 12.488 ; 12.488 ;
; B[3]       ; HEX0[3]     ; 12.259 ; 12.259 ; 12.259 ; 12.259 ;
; B[3]       ; HEX0[4]     ; 12.253 ; 12.253 ; 12.253 ; 12.253 ;
; B[3]       ; HEX0[5]     ; 12.261 ; 12.261 ; 12.261 ; 12.261 ;
; B[3]       ; HEX0[6]     ; 12.244 ; 12.244 ; 12.244 ; 12.244 ;
; B[3]       ; HEX1[0]     ; 12.245 ; 12.245 ; 12.245 ; 12.245 ;
; B[3]       ; HEX1[2]     ; 12.557 ; 12.557 ; 12.557 ; 12.557 ;
; B[3]       ; HEX1[3]     ; 11.799 ; 11.799 ; 11.799 ; 11.799 ;
; B[3]       ; HEX1[4]     ; 12.294 ; 12.294 ; 12.294 ; 12.294 ;
; B[3]       ; HEX1[5]     ; 11.870 ; 11.870 ; 11.870 ; 11.870 ;
; B[3]       ; HEX1[6]     ; 9.360  ; 9.360  ; 9.360  ; 9.360  ;
; TE         ; HEX0[0]     ; 18.234 ; 18.234 ; 18.234 ; 18.234 ;
; TE         ; HEX0[1]     ; 18.181 ; 18.181 ; 18.181 ; 18.181 ;
; TE         ; HEX0[2]     ; 18.191 ; 18.191 ; 18.191 ; 18.191 ;
; TE         ; HEX0[3]     ; 17.962 ; 17.962 ; 17.962 ; 17.962 ;
; TE         ; HEX0[4]     ; 17.956 ; 17.956 ; 17.956 ; 17.956 ;
; TE         ; HEX0[5]     ; 17.964 ; 17.964 ; 17.964 ; 17.964 ;
; TE         ; HEX0[6]     ; 17.947 ; 17.947 ; 17.947 ; 17.947 ;
; TE         ; HEX1[0]     ; 17.948 ; 17.948 ; 17.948 ; 17.948 ;
; TE         ; HEX1[2]     ; 18.260 ; 18.260 ; 18.260 ; 18.260 ;
; TE         ; HEX1[3]     ; 17.502 ; 17.502 ; 17.502 ; 17.502 ;
; TE         ; HEX1[4]     ; 17.997 ; 17.997 ; 17.997 ; 17.997 ;
; TE         ; HEX1[5]     ; 17.573 ; 17.573 ; 17.573 ; 17.573 ;
; TE         ; HEX1[6]     ; 15.063 ; 15.063 ; 15.063 ; 15.063 ;
+------------+-------------+--------+--------+--------+--------+


+----------------------------------------------------------+
; Minimum Progagation Delay                                ;
+------------+-------------+-------+-------+-------+-------+
; Input Port ; Output Port ; RR    ; RF    ; FR    ; FF    ;
+------------+-------------+-------+-------+-------+-------+
; A[0]       ; HEX0[0]     ; 4.226 ; 4.226 ; 4.226 ; 4.226 ;
; A[0]       ; HEX0[1]     ; 4.170 ; 4.170 ; 4.170 ; 4.170 ;
; A[0]       ; HEX0[2]     ; 4.193 ; 4.193 ; 4.193 ; 4.193 ;
; A[0]       ; HEX0[3]     ; 4.092 ; 4.092 ; 4.092 ; 4.092 ;
; A[0]       ; HEX0[4]     ; 4.094 ; 4.094 ; 4.094 ; 4.094 ;
; A[0]       ; HEX0[5]     ; 4.093 ; 4.093 ; 4.093 ; 4.093 ;
; A[0]       ; HEX0[6]     ; 4.079 ; 4.079 ; 4.079 ; 4.079 ;
; A[0]       ; HEX1[0]     ; 5.846 ; 5.846 ; 5.846 ; 5.846 ;
; A[0]       ; HEX1[2]     ; 5.902 ; 5.902 ; 5.902 ; 5.902 ;
; A[0]       ; HEX1[3]     ; 5.592 ; 5.592 ; 5.592 ; 5.592 ;
; A[0]       ; HEX1[4]     ; 5.958 ; 5.958 ; 5.958 ; 5.958 ;
; A[0]       ; HEX1[5]     ; 5.657 ; 5.657 ; 5.657 ; 5.657 ;
; A[0]       ; HEX1[6]     ; 5.447 ; 5.447 ; 5.447 ; 5.447 ;
; A[1]       ; HEX0[0]     ; 4.717 ; 4.717 ; 4.717 ; 4.717 ;
; A[1]       ; HEX0[1]     ; 4.674 ; 4.674 ; 4.674 ; 4.674 ;
; A[1]       ; HEX0[2]     ; 4.681 ; 4.681 ; 4.681 ; 4.681 ;
; A[1]       ; HEX0[3]     ; 4.585 ; 4.585 ; 4.585 ; 4.585 ;
; A[1]       ; HEX0[4]     ; 4.582 ; 4.582 ; 4.582 ; 4.582 ;
; A[1]       ; HEX0[5]     ; 4.582 ; 4.582 ; 4.582 ; 4.582 ;
; A[1]       ; HEX0[6]     ; 4.573 ; 4.573 ; 4.573 ; 4.573 ;
; A[1]       ; HEX1[0]     ; 5.598 ; 5.598 ; 5.598 ; 5.598 ;
; A[1]       ; HEX1[2]     ; 5.654 ; 5.654 ; 5.654 ; 5.654 ;
; A[1]       ; HEX1[3]     ; 5.344 ; 5.344 ; 5.344 ; 5.344 ;
; A[1]       ; HEX1[4]     ; 5.710 ; 5.710 ; 5.710 ; 5.710 ;
; A[1]       ; HEX1[5]     ; 5.409 ; 5.409 ; 5.409 ; 5.409 ;
; A[1]       ; HEX1[6]     ; 5.200 ; 5.200 ; 5.200 ; 5.200 ;
; A[2]       ; HEX0[0]     ; 4.963 ; 4.963 ; 4.963 ; 4.963 ;
; A[2]       ; HEX0[1]     ; 4.919 ; 4.919 ; 4.919 ; 4.919 ;
; A[2]       ; HEX0[2]     ; 4.928 ; 4.928 ; 4.928 ; 4.928 ;
; A[2]       ; HEX0[3]     ; 4.830 ; 4.830 ; 4.830 ; 4.830 ;
; A[2]       ; HEX0[4]     ; 4.828 ; 4.828 ; 4.828 ; 4.828 ;
; A[2]       ; HEX0[5]     ; 4.828 ; 4.828 ; 4.828 ; 4.828 ;
; A[2]       ; HEX0[6]     ; 4.818 ; 4.818 ; 4.818 ; 4.818 ;
; A[2]       ; HEX1[0]     ; 5.177 ; 5.177 ; 5.177 ; 5.177 ;
; A[2]       ; HEX1[2]     ; 5.228 ; 5.228 ; 5.228 ; 5.228 ;
; A[2]       ; HEX1[3]     ; 4.923 ; 4.923 ; 4.923 ; 4.923 ;
; A[2]       ; HEX1[4]     ; 5.352 ; 5.352 ; 5.352 ; 5.352 ;
; A[2]       ; HEX1[5]     ; 4.961 ; 4.961 ; 4.961 ; 4.961 ;
; A[2]       ; HEX1[6]     ; 4.555 ; 4.555 ; 4.555 ; 4.555 ;
; A[3]       ; HEX0[0]     ; 4.210 ; 4.210 ; 4.210 ; 4.210 ;
; A[3]       ; HEX0[1]     ; 4.162 ; 4.162 ; 4.162 ; 4.162 ;
; A[3]       ; HEX0[2]     ; 4.172 ; 4.172 ; 4.172 ; 4.172 ;
; A[3]       ; HEX0[3]     ; 4.075 ; 4.075 ; 4.075 ; 4.075 ;
; A[3]       ; HEX0[4]     ; 4.073 ; 4.073 ; 4.073 ; 4.073 ;
; A[3]       ; HEX0[5]     ; 4.072 ; 4.072 ; 4.072 ; 4.072 ;
; A[3]       ; HEX0[6]     ; 4.061 ; 4.061 ; 4.061 ; 4.061 ;
; A[3]       ; HEX1[0]     ; 4.454 ; 4.454 ; 4.454 ; 4.454 ;
; A[3]       ; HEX1[2]     ; 4.505 ; 4.505 ; 4.505 ; 4.505 ;
; A[3]       ; HEX1[3]     ; 4.200 ; 4.200 ; 4.200 ; 4.200 ;
; A[3]       ; HEX1[4]     ; 4.666 ; 4.666 ; 4.666 ; 4.666 ;
; A[3]       ; HEX1[5]     ; 4.238 ; 4.238 ; 4.238 ; 4.238 ;
; A[3]       ; HEX1[6]     ; 3.832 ; 3.832 ; 3.832 ; 3.832 ;
; B[0]       ; HEX0[0]     ; 3.544 ; 3.544 ; 3.544 ; 3.544 ;
; B[0]       ; HEX0[1]     ; 3.488 ; 3.488 ; 3.488 ; 3.488 ;
; B[0]       ; HEX0[2]     ; 3.511 ; 3.511 ; 3.511 ; 3.511 ;
; B[0]       ; HEX0[3]     ; 3.410 ; 3.410 ; 3.410 ; 3.410 ;
; B[0]       ; HEX0[4]     ; 3.412 ; 3.412 ; 3.412 ; 3.412 ;
; B[0]       ; HEX0[5]     ; 3.411 ; 3.411 ; 3.411 ; 3.411 ;
; B[0]       ; HEX0[6]     ; 3.397 ; 3.397 ; 3.397 ; 3.397 ;
; B[0]       ; HEX1[0]     ; 5.030 ; 5.030 ; 5.030 ; 5.030 ;
; B[0]       ; HEX1[2]     ; 5.086 ; 5.086 ; 5.086 ; 5.086 ;
; B[0]       ; HEX1[3]     ; 4.776 ; 4.776 ; 4.776 ; 4.776 ;
; B[0]       ; HEX1[4]     ; 5.142 ; 5.142 ; 5.142 ; 5.142 ;
; B[0]       ; HEX1[5]     ; 4.841 ; 4.841 ; 4.841 ; 4.841 ;
; B[0]       ; HEX1[6]     ; 4.629 ; 4.629 ; 4.629 ; 4.629 ;
; B[1]       ; HEX0[0]     ; 4.020 ; 4.020 ; 4.020 ; 4.020 ;
; B[1]       ; HEX0[1]     ; 3.977 ; 3.977 ; 3.977 ; 3.977 ;
; B[1]       ; HEX0[2]     ; 3.984 ; 3.984 ; 3.984 ; 3.984 ;
; B[1]       ; HEX0[3]     ; 3.888 ; 3.888 ; 3.888 ; 3.888 ;
; B[1]       ; HEX0[4]     ; 3.885 ; 3.885 ; 3.885 ; 3.885 ;
; B[1]       ; HEX0[5]     ; 3.885 ; 3.885 ; 3.885 ; 3.885 ;
; B[1]       ; HEX0[6]     ; 3.876 ; 3.876 ; 3.876 ; 3.876 ;
; B[1]       ; HEX1[0]     ; 4.901 ; 4.901 ; 4.901 ; 4.901 ;
; B[1]       ; HEX1[2]     ; 4.957 ; 4.957 ; 4.957 ; 4.957 ;
; B[1]       ; HEX1[3]     ; 4.647 ; 4.647 ; 4.647 ; 4.647 ;
; B[1]       ; HEX1[4]     ; 5.013 ; 5.013 ; 5.013 ; 5.013 ;
; B[1]       ; HEX1[5]     ; 4.712 ; 4.712 ; 4.712 ; 4.712 ;
; B[1]       ; HEX1[6]     ; 4.504 ; 4.504 ; 4.504 ; 4.504 ;
; B[2]       ; HEX0[0]     ; 5.151 ; 5.151 ; 5.151 ; 5.151 ;
; B[2]       ; HEX0[1]     ; 5.107 ; 5.107 ; 5.107 ; 5.107 ;
; B[2]       ; HEX0[2]     ; 5.116 ; 5.116 ; 5.116 ; 5.116 ;
; B[2]       ; HEX0[3]     ; 5.018 ; 5.018 ; 5.018 ; 5.018 ;
; B[2]       ; HEX0[4]     ; 5.016 ; 5.016 ; 5.016 ; 5.016 ;
; B[2]       ; HEX0[5]     ; 5.016 ; 5.016 ; 5.016 ; 5.016 ;
; B[2]       ; HEX0[6]     ; 5.006 ; 5.006 ; 5.006 ; 5.006 ;
; B[2]       ; HEX1[0]     ; 5.365 ; 5.365 ; 5.365 ; 5.365 ;
; B[2]       ; HEX1[2]     ; 5.416 ; 5.416 ; 5.416 ; 5.416 ;
; B[2]       ; HEX1[3]     ; 5.111 ; 5.111 ; 5.111 ; 5.111 ;
; B[2]       ; HEX1[4]     ; 5.540 ; 5.540 ; 5.540 ; 5.540 ;
; B[2]       ; HEX1[5]     ; 5.149 ; 5.149 ; 5.149 ; 5.149 ;
; B[2]       ; HEX1[6]     ; 4.743 ; 4.743 ; 4.743 ; 4.743 ;
; B[3]       ; HEX0[0]     ; 5.147 ; 5.147 ; 5.147 ; 5.147 ;
; B[3]       ; HEX0[1]     ; 5.099 ; 5.099 ; 5.099 ; 5.099 ;
; B[3]       ; HEX0[2]     ; 5.109 ; 5.109 ; 5.109 ; 5.109 ;
; B[3]       ; HEX0[3]     ; 5.012 ; 5.012 ; 5.012 ; 5.012 ;
; B[3]       ; HEX0[4]     ; 5.010 ; 5.010 ; 5.010 ; 5.010 ;
; B[3]       ; HEX0[5]     ; 5.009 ; 5.009 ; 5.009 ; 5.009 ;
; B[3]       ; HEX0[6]     ; 4.998 ; 4.998 ; 4.998 ; 4.998 ;
; B[3]       ; HEX1[0]     ; 5.391 ; 5.391 ; 5.391 ; 5.391 ;
; B[3]       ; HEX1[2]     ; 5.442 ; 5.442 ; 5.442 ; 5.442 ;
; B[3]       ; HEX1[3]     ; 5.137 ; 5.137 ; 5.137 ; 5.137 ;
; B[3]       ; HEX1[4]     ; 5.603 ; 5.603 ; 5.603 ; 5.603 ;
; B[3]       ; HEX1[5]     ; 5.175 ; 5.175 ; 5.175 ; 5.175 ;
; B[3]       ; HEX1[6]     ; 4.769 ; 4.769 ; 4.769 ; 4.769 ;
; TE         ; HEX0[0]     ; 7.093 ; 7.093 ; 7.093 ; 7.093 ;
; TE         ; HEX0[1]     ; 7.050 ; 7.050 ; 7.050 ; 7.050 ;
; TE         ; HEX0[2]     ; 7.057 ; 7.057 ; 7.057 ; 7.057 ;
; TE         ; HEX0[3]     ; 6.961 ; 6.961 ; 6.961 ; 6.961 ;
; TE         ; HEX0[4]     ; 6.958 ; 6.958 ; 6.958 ; 6.958 ;
; TE         ; HEX0[5]     ; 6.958 ; 6.958 ; 6.958 ; 6.958 ;
; TE         ; HEX0[6]     ; 6.949 ; 6.949 ; 6.949 ; 6.949 ;
; TE         ; HEX1[0]     ; 7.376 ; 7.376 ; 7.376 ; 7.376 ;
; TE         ; HEX1[2]     ; 7.427 ; 7.427 ; 7.427 ; 7.427 ;
; TE         ; HEX1[3]     ; 7.122 ; 7.122 ; 7.122 ; 7.122 ;
; TE         ; HEX1[4]     ; 7.532 ; 7.532 ; 7.532 ; 7.532 ;
; TE         ; HEX1[5]     ; 7.160 ; 7.160 ; 7.160 ; 7.160 ;
; TE         ; HEX1[6]     ; 6.754 ; 6.754 ; 6.754 ; 6.754 ;
+------------+-------------+-------+-------+-------+-------+


-------------------
; Clock Transfers ;
-------------------
Nothing to report.


---------------
; Report TCCS ;
---------------
No dedicated SERDES Transmitter circuitry present in device or used in design


---------------
; Report RSKM ;
---------------
No dedicated SERDES Receiver circuitry present in device or used in design


+------------------------------------------------+
; Unconstrained Paths                            ;
+---------------------------------+-------+------+
; Property                        ; Setup ; Hold ;
+---------------------------------+-------+------+
; Illegal Clocks                  ; 0     ; 0    ;
; Unconstrained Clocks            ; 0     ; 0    ;
; Unconstrained Input Ports       ; 9     ; 9    ;
; Unconstrained Input Port Paths  ; 117   ; 117  ;
; Unconstrained Output Ports      ; 13    ; 13   ;
; Unconstrained Output Port Paths ; 117   ; 117  ;
+---------------------------------+-------+------+


+------------------------------------+
; TimeQuest Timing Analyzer Messages ;
+------------------------------------+
Info: *******************************************************************
Info: Running Quartus II 64-Bit TimeQuest Timing Analyzer
    Info: Version 13.0.1 Build 232 06/12/2013 Service Pack 1 SJ Web Edition
    Info: Processing started: Sun May 19 13:26:50 2019
Info: Command: quartus_sta somador_subtrator_4bits -c somador_subtrator_4bits
Info: qsta_default_script.tcl version: #1
Warning (20028): Parallel compilation is not licensed and has been disabled
Info (21077): Low junction temperature is 0 degrees C
Info (21077): High junction temperature is 85 degrees C
Critical Warning (332012): Synopsys Design Constraints File file not found: 'somador_subtrator_4bits.sdc'. A Synopsys Design Constraints File is required by the TimeQuest Timing Analyzer to get proper timing constraints. Without it, the Compiler will not properly optimize the design.
Info (332142): No user constrained base clocks found in the design. Calling "derive_clocks -period 1.0"
Info (332096): The command derive_clocks did not find any clocks to derive.  No clocks were created or changed.
Warning (332068): No clocks defined in design.
Info: Found TIMEQUEST_REPORT_SCRIPT_INCLUDE_DEFAULT_ANALYSIS = ON
Info (332159): No clocks to report
Info: Analyzing Slow Model
Info (332140): No fmax paths to report
Info (332140): No Setup paths to report
Info (332140): No Hold paths to report
Info (332140): No Recovery paths to report
Info (332140): No Removal paths to report
Info (332140): No Minimum Pulse Width paths to report
Info (332001): The selected device family is not supported by the report_metastability command.
Info: Analyzing Fast Model
Info (332142): No user constrained base clocks found in the design. Calling "derive_clocks -period 1.0"
Info (332096): The command derive_clocks did not find any clocks to derive.  No clocks were created or changed.
Warning (332068): No clocks defined in design.
Info (332140): No Setup paths to report
Info (332140): No Hold paths to report
Info (332140): No Recovery paths to report
Info (332140): No Removal paths to report
Info (332140): No Minimum Pulse Width paths to report
Info (332001): The selected device family is not supported by the report_metastability command.
Info (332102): Design is not fully constrained for setup requirements
Info (332102): Design is not fully constrained for hold requirements
Info: Quartus II 64-Bit TimeQuest Timing Analyzer was successful. 0 errors, 4 warnings
    Info: Peak virtual memory: 4572 megabytes
    Info: Processing ended: Sun May 19 13:26:55 2019
    Info: Elapsed time: 00:00:05
    Info: Total CPU time (on all processors): 00:00:02


